<?xml version="1.0" encoding="UTF-8"?>
<testsuite xmlns:xsi="http://www.w3.org/2001/XMLSchema-instance" xsi:noNamespaceSchemaLocation="https://maven.apache.org/surefire/maven-surefire-plugin/xsd/surefire-test-report.xsd" name="FallingKnives.AppTest" time="0.066" tests="1" errors="0" skipped="0" failures="0">
  <properties>
    <property name="gopherProxySet" value="false"/>
    <property name="awt.toolkit" value="sun.lwawt.macosx.LWCToolkit"/>
    <property name="file.encoding.pkg" value="sun.io"/>
    <property name="java.specification.version" value="1.8"/>
    <property name="sun.cpu.isalist" value=""/>
    <property name="sun.jnu.encoding" value="UTF-8"/>
    <property name="java.class.path" value="/Users/nicobeard/Documents/falling-knives-capstone/Backend/target/test-classes:/Users/nicobeard/Documents/falling-knives-capstone/Backend/target/classes:/Users/nicobeard/.m2/repository/com/google/api-client/google-api-client/1.30.9/google-api-client-1.30.9.jar:/Users/nicobeard/.m2/repository/com/google/oauth-client/google-oauth-client/1.30.5/google-oauth-client-1.30.5.jar:/Users/nicobeard/.m2/repository/com/google/http-client/google-http-client-jackson2/1.34.2/google-http-client-jackson2-1.34.2.jar:/Users/nicobeard/.m2/repository/com/fasterxml/jackson/core/jackson-core/2.10.2/jackson-core-2.10.2.jar:/Users/nicobeard/.m2/repository/com/google/guava/guava/28.2-android/guava-28.2-android.jar:/Users/nicobeard/.m2/repository/com/google/guava/failureaccess/1.0.1/failureaccess-1.0.1.jar:/Users/nicobeard/.m2/repository/com/google/guava/listenablefuture/9999.0-empty-to-avoid-conflict-with-guava/listenablefuture-9999.0-empty-to-avoid-conflict-with-guava.jar:/Users/nicobeard/.m2/repository/org/checkerframework/checker-compat-qual/2.5.5/checker-compat-qual-2.5.5.jar:/Users/nicobeard/.m2/repository/com/google/errorprone/error_prone_annotations/2.3.4/error_prone_annotations-2.3.4.jar:/Users/nicobeard/.m2/repository/com/google/j2objc/j2objc-annotations/1.3/j2objc-annotations-1.3.jar:/Users/nicobeard/.m2/repository/com/google/cloud/google-cloud-core/1.93.3/google-cloud-core-1.93.3.jar:/Users/nicobeard/.m2/repository/com/google/api/gax/1.54.0/gax-1.54.0.jar:/Users/nicobeard/.m2/repository/com/google/auto/value/auto-value-annotations/1.7/auto-value-annotations-1.7.jar:/Users/nicobeard/.m2/repository/com/google/protobuf/protobuf-java-util/3.11.4/protobuf-java-util-3.11.4.jar:/Users/nicobeard/.m2/repository/com/google/api/grpc/proto-google-common-protos/1.17.0/proto-google-common-protos-1.17.0.jar:/Users/nicobeard/.m2/repository/com/google/api/grpc/proto-google-iam-v1/0.13.0/proto-google-iam-v1-0.13.0.jar:/Users/nicobeard/.m2/repository/org/threeten/threetenbp/1.4.1/threetenbp-1.4.1.jar:/Users/nicobeard/.m2/repository/com/google/api/api-common/1.8.1/api-common-1.8.1.jar:/Users/nicobeard/.m2/repository/javax/annotation/javax.annotation-api/1.3.2/javax.annotation-api-1.3.2.jar:/Users/nicobeard/.m2/repository/com/google/auth/google-auth-library-credentials/0.20.0/google-auth-library-credentials-0.20.0.jar:/Users/nicobeard/.m2/repository/com/google/auth/google-auth-library-oauth2-http/0.20.0/google-auth-library-oauth2-http-0.20.0.jar:/Users/nicobeard/.m2/repository/com/google/http-client/google-http-client/1.34.2/google-http-client-1.34.2.jar:/Users/nicobeard/.m2/repository/org/apache/httpcomponents/httpclient/4.5.11/httpclient-4.5.11.jar:/Users/nicobeard/.m2/repository/commons-logging/commons-logging/1.2/commons-logging-1.2.jar:/Users/nicobeard/.m2/repository/commons-codec/commons-codec/1.11/commons-codec-1.11.jar:/Users/nicobeard/.m2/repository/org/apache/httpcomponents/httpcore/4.4.13/httpcore-4.4.13.jar:/Users/nicobeard/.m2/repository/io/opencensus/opencensus-contrib-http-util/0.24.0/opencensus-contrib-http-util-0.24.0.jar:/Users/nicobeard/.m2/repository/com/google/protobuf/protobuf-java/3.11.4/protobuf-java-3.11.4.jar:/Users/nicobeard/.m2/repository/com/google/code/findbugs/jsr305/3.0.2/jsr305-3.0.2.jar:/Users/nicobeard/.m2/repository/com/google/cloud/google-cloud-storage/1.106.0/google-cloud-storage-1.106.0.jar:/Users/nicobeard/.m2/repository/com/google/apis/google-api-services-storage/v1-rev20200226-1.30.9/google-api-services-storage-v1-rev20200226-1.30.9.jar:/Users/nicobeard/.m2/repository/com/google/cloud/google-cloud-core-http/1.93.3/google-cloud-core-http-1.93.3.jar:/Users/nicobeard/.m2/repository/com/google/http-client/google-http-client-appengine/1.34.2/google-http-client-appengine-1.34.2.jar:/Users/nicobeard/.m2/repository/com/google/api/gax-httpjson/0.71.0/gax-httpjson-0.71.0.jar:/Users/nicobeard/.m2/repository/io/opencensus/opencensus-api/0.24.0/opencensus-api-0.24.0.jar:/Users/nicobeard/.m2/repository/io/grpc/grpc-context/1.22.1/grpc-context-1.22.1.jar:/Users/nicobeard/.m2/repository/junit/junit/4.11/junit-4.11.jar:/Users/nicobeard/.m2/repository/org/hamcrest/hamcrest-core/1.3/hamcrest-core-1.3.jar:/Users/nicobeard/.m2/repository/org/postgresql/postgresql/42.2.12/postgresql-42.2.12.jar:/Users/nicobeard/.m2/repository/com/google/cloud/sql/jdbc-socket-factory-core/1.0.15/jdbc-socket-factory-core-1.0.15.jar:/Users/nicobeard/.m2/repository/com/google/apis/google-api-services-sqladmin/v1beta4-rev20190607-1.30.1/google-api-services-sqladmin-v1beta4-rev20190607-1.30.1.jar:/Users/nicobeard/.m2/repository/com/github/jnr/jnr-unixsocket/0.28/jnr-unixsocket-0.28.jar:/Users/nicobeard/.m2/repository/com/github/jnr/jnr-ffi/2.1.12/jnr-ffi-2.1.12.jar:/Users/nicobeard/.m2/repository/com/github/jnr/jffi/1.2.23/jffi-1.2.23.jar:/Users/nicobeard/.m2/repository/com/github/jnr/jffi/1.2.23/jffi-1.2.23-native.jar:/Users/nicobeard/.m2/repository/org/ow2/asm/asm-commons/7.1/asm-commons-7.1.jar:/Users/nicobeard/.m2/repository/com/github/jnr/jnr-a64asm/1.0.0/jnr-a64asm-1.0.0.jar:/Users/nicobeard/.m2/repository/com/github/jnr/jnr-x86asm/1.0.2/jnr-x86asm-1.0.2.jar:/Users/nicobeard/.m2/repository/com/github/jnr/jnr-constants/0.9.15/jnr-constants-0.9.15.jar:/Users/nicobeard/.m2/repository/com/github/jnr/jnr-enxio/0.25/jnr-enxio-0.25.jar:/Users/nicobeard/.m2/repository/com/github/jnr/jnr-posix/3.0.54/jnr-posix-3.0.54.jar:/Users/nicobeard/.m2/repository/com/google/http-client/google-http-client-jackson/1.15.0-rc/google-http-client-jackson-1.15.0-rc.jar:/Users/nicobeard/.m2/repository/org/codehaus/jackson/jackson-core-asl/1.9.11/jackson-core-asl-1.9.11.jar:/Users/nicobeard/.m2/repository/com/google/oauth-client/google-oauth-client-java6/1.15.0-rc/google-oauth-client-java6-1.15.0-rc.jar:/Users/nicobeard/.m2/repository/com/google/cloud/sql/postgres-socket-factory/1.0.15/postgres-socket-factory-1.0.15.jar:/Users/nicobeard/.m2/repository/com/sparkjava/spark-core/2.5.4/spark-core-2.5.4.jar:/Users/nicobeard/.m2/repository/org/slf4j/slf4j-api/1.7.13/slf4j-api-1.7.13.jar:/Users/nicobeard/.m2/repository/org/eclipse/jetty/jetty-server/9.3.6.v20151106/jetty-server-9.3.6.v20151106.jar:/Users/nicobeard/.m2/repository/javax/servlet/javax.servlet-api/3.1.0/javax.servlet-api-3.1.0.jar:/Users/nicobeard/.m2/repository/org/eclipse/jetty/jetty-http/9.3.6.v20151106/jetty-http-9.3.6.v20151106.jar:/Users/nicobeard/.m2/repository/org/eclipse/jetty/jetty-util/9.3.6.v20151106/jetty-util-9.3.6.v20151106.jar:/Users/nicobeard/.m2/repository/org/eclipse/jetty/jetty-io/9.3.6.v20151106/jetty-io-9.3.6.v20151106.jar:/Users/nicobeard/.m2/repository/org/eclipse/jetty/jetty-webapp/9.3.6.v20151106/jetty-webapp-9.3.6.v20151106.jar:/Users/nicobeard/.m2/repository/org/eclipse/jetty/jetty-xml/9.3.6.v20151106/jetty-xml-9.3.6.v20151106.jar:/Users/nicobeard/.m2/repository/org/eclipse/jetty/jetty-servlet/9.3.6.v20151106/jetty-servlet-9.3.6.v20151106.jar:/Users/nicobeard/.m2/repository/org/eclipse/jetty/jetty-security/9.3.6.v20151106/jetty-security-9.3.6.v20151106.jar:/Users/nicobeard/.m2/repository/org/eclipse/jetty/websocket/websocket-server/9.3.6.v20151106/websocket-server-9.3.6.v20151106.jar:/Users/nicobeard/.m2/repository/org/eclipse/jetty/websocket/websocket-common/9.3.6.v20151106/websocket-common-9.3.6.v20151106.jar:/Users/nicobeard/.m2/repository/org/eclipse/jetty/websocket/websocket-client/9.3.6.v20151106/websocket-client-9.3.6.v20151106.jar:/Users/nicobeard/.m2/repository/org/eclipse/jetty/websocket/websocket-servlet/9.3.6.v20151106/websocket-servlet-9.3.6.v20151106.jar:/Users/nicobeard/.m2/repository/org/eclipse/jetty/websocket/websocket-api/9.3.6.v20151106/websocket-api-9.3.6.v20151106.jar:/Users/nicobeard/.m2/repository/com/google/code/gson/gson/2.8.0/gson-2.8.0.jar:/Users/nicobeard/.m2/repository/org/ow2/asm/asm-util/7.1/asm-util-7.1.jar:/Users/nicobeard/.m2/repository/org/ow2/asm/asm/7.1/asm-7.1.jar:/Users/nicobeard/.m2/repository/org/ow2/asm/asm-tree/7.1/asm-tree-7.1.jar:/Users/nicobeard/.m2/repository/org/ow2/asm/asm-analysis/7.1/asm-analysis-7.1.jar:"/>
    <property name="java.vm.vendor" value="Oracle Corporation"/>
    <property name="sun.arch.data.model" value="64"/>
    <property name="java.vendor.url" value="http://java.oracle.com/"/>
    <property name="user.timezone" value=""/>
    <property name="java.vm.specification.version" value="1.8"/>
    <property name="os.name" value="Mac OS X"/>
    <property name="user.country" value="US"/>
    <property name="sun.java.launcher" value="SUN_STANDARD"/>
    <property name="sun.boot.library.path" value="/Library/Java/JavaVirtualMachines/jdk1.8.0_261.jdk/Contents/Home/jre/lib"/>
    <property name="sun.java.command" value="/Users/nicobeard/Documents/falling-knives-capstone/Backend/target/surefire/surefirebooter5739441684056494962.jar /Users/nicobeard/Documents/falling-knives-capstone/Backend/target/surefire 2020-09-07T19-53-53_354-jvmRun1 surefire4103700798111607680tmp surefire_03093413694736474461tmp"/>
    <property name="http.nonProxyHosts" value="local|*.local|169.254/16|*.169.254/16"/>
    <property name="surefire.test.class.path" value="/Users/nicobeard/Documents/falling-knives-capstone/Backend/target/test-classes:/Users/nicobeard/Documents/falling-knives-capstone/Backend/target/classes:/Users/nicobeard/.m2/repository/com/google/api-client/google-api-client/1.30.9/google-api-client-1.30.9.jar:/Users/nicobeard/.m2/repository/com/google/oauth-client/google-oauth-client/1.30.5/google-oauth-client-1.30.5.jar:/Users/nicobeard/.m2/repository/com/google/http-client/google-http-client-jackson2/1.34.2/google-http-client-jackson2-1.34.2.jar:/Users/nicobeard/.m2/repository/com/fasterxml/jackson/core/jackson-core/2.10.2/jackson-core-2.10.2.jar:/Users/nicobeard/.m2/repository/com/google/guava/guava/28.2-android/guava-28.2-android.jar:/Users/nicobeard/.m2/repository/com/google/guava/failureaccess/1.0.1/failureaccess-1.0.1.jar:/Users/nicobeard/.m2/repository/com/google/guava/listenablefuture/9999.0-empty-to-avoid-conflict-with-guava/listenablefuture-9999.0-empty-to-avoid-conflict-with-guava.jar:/Users/nicobeard/.m2/repository/org/checkerframework/checker-compat-qual/2.5.5/checker-compat-qual-2.5.5.jar:/Users/nicobeard/.m2/repository/com/google/errorprone/error_prone_annotations/2.3.4/error_prone_annotations-2.3.4.jar:/Users/nicobeard/.m2/repository/com/google/j2objc/j2objc-annotations/1.3/j2objc-annotations-1.3.jar:/Users/nicobeard/.m2/repository/com/google/cloud/google-cloud-core/1.93.3/google-cloud-core-1.93.3.jar:/Users/nicobeard/.m2/repository/com/google/api/gax/1.54.0/gax-1.54.0.jar:/Users/nicobeard/.m2/repository/com/google/auto/value/auto-value-annotations/1.7/auto-value-annotations-1.7.jar:/Users/nicobeard/.m2/repository/com/google/protobuf/protobuf-java-util/3.11.4/protobuf-java-util-3.11.4.jar:/Users/nicobeard/.m2/repository/com/google/api/grpc/proto-google-common-protos/1.17.0/proto-google-common-protos-1.17.0.jar:/Users/nicobeard/.m2/repository/com/google/api/grpc/proto-google-iam-v1/0.13.0/proto-google-iam-v1-0.13.0.jar:/Users/nicobeard/.m2/repository/org/threeten/threetenbp/1.4.1/threetenbp-1.4.1.jar:/Users/nicobeard/.m2/repository/com/google/api/api-common/1.8.1/api-common-1.8.1.jar:/Users/nicobeard/.m2/repository/javax/annotation/javax.annotation-api/1.3.2/javax.annotation-api-1.3.2.jar:/Users/nicobeard/.m2/repository/com/google/auth/google-auth-library-credentials/0.20.0/google-auth-library-credentials-0.20.0.jar:/Users/nicobeard/.m2/repository/com/google/auth/google-auth-library-oauth2-http/0.20.0/google-auth-library-oauth2-http-0.20.0.jar:/Users/nicobeard/.m2/repository/com/google/http-client/google-http-client/1.34.2/google-http-client-1.34.2.jar:/Users/nicobeard/.m2/repository/org/apache/httpcomponents/httpclient/4.5.11/httpclient-4.5.11.jar:/Users/nicobeard/.m2/repository/commons-logging/commons-logging/1.2/commons-logging-1.2.jar:/Users/nicobeard/.m2/repository/commons-codec/commons-codec/1.11/commons-codec-1.11.jar:/Users/nicobeard/.m2/repository/org/apache/httpcomponents/httpcore/4.4.13/httpcore-4.4.13.jar:/Users/nicobeard/.m2/repository/io/opencensus/opencensus-contrib-http-util/0.24.0/opencensus-contrib-http-util-0.24.0.jar:/Users/nicobeard/.m2/repository/com/google/protobuf/protobuf-java/3.11.4/protobuf-java-3.11.4.jar:/Users/nicobeard/.m2/repository/com/google/code/findbugs/jsr305/3.0.2/jsr305-3.0.2.jar:/Users/nicobeard/.m2/repository/com/google/cloud/google-cloud-storage/1.106.0/google-cloud-storage-1.106.0.jar:/Users/nicobeard/.m2/repository/com/google/apis/google-api-services-storage/v1-rev20200226-1.30.9/google-api-services-storage-v1-rev20200226-1.30.9.jar:/Users/nicobeard/.m2/repository/com/google/cloud/google-cloud-core-http/1.93.3/google-cloud-core-http-1.93.3.jar:/Users/nicobeard/.m2/repository/com/google/http-client/google-http-client-appengine/1.34.2/google-http-client-appengine-1.34.2.jar:/Users/nicobeard/.m2/repository/com/google/api/gax-httpjson/0.71.0/gax-httpjson-0.71.0.jar:/Users/nicobeard/.m2/repository/io/opencensus/opencensus-api/0.24.0/opencensus-api-0.24.0.jar:/Users/nicobeard/.m2/repository/io/grpc/grpc-context/1.22.1/grpc-context-1.22.1.jar:/Users/nicobeard/.m2/repository/junit/junit/4.11/junit-4.11.jar:/Users/nicobeard/.m2/repository/org/hamcrest/hamcrest-core/1.3/hamcrest-core-1.3.jar:/Users/nicobeard/.m2/repository/org/postgresql/postgresql/42.2.12/postgresql-42.2.12.jar:/Users/nicobeard/.m2/repository/com/google/cloud/sql/jdbc-socket-factory-core/1.0.15/jdbc-socket-factory-core-1.0.15.jar:/Users/nicobeard/.m2/repository/com/google/apis/google-api-services-sqladmin/v1beta4-rev20190607-1.30.1/google-api-services-sqladmin-v1beta4-rev20190607-1.30.1.jar:/Users/nicobeard/.m2/repository/com/github/jnr/jnr-unixsocket/0.28/jnr-unixsocket-0.28.jar:/Users/nicobeard/.m2/repository/com/github/jnr/jnr-ffi/2.1.12/jnr-ffi-2.1.12.jar:/Users/nicobeard/.m2/repository/com/github/jnr/jffi/1.2.23/jffi-1.2.23.jar:/Users/nicobeard/.m2/repository/com/github/jnr/jffi/1.2.23/jffi-1.2.23-native.jar:/Users/nicobeard/.m2/repository/org/ow2/asm/asm-commons/7.1/asm-commons-7.1.jar:/Users/nicobeard/.m2/repository/com/github/jnr/jnr-a64asm/1.0.0/jnr-a64asm-1.0.0.jar:/Users/nicobeard/.m2/repository/com/github/jnr/jnr-x86asm/1.0.2/jnr-x86asm-1.0.2.jar:/Users/nicobeard/.m2/repository/com/github/jnr/jnr-constants/0.9.15/jnr-constants-0.9.15.jar:/Users/nicobeard/.m2/repository/com/github/jnr/jnr-enxio/0.25/jnr-enxio-0.25.jar:/Users/nicobeard/.m2/repository/com/github/jnr/jnr-posix/3.0.54/jnr-posix-3.0.54.jar:/Users/nicobeard/.m2/repository/com/google/http-client/google-http-client-jackson/1.15.0-rc/google-http-client-jackson-1.15.0-rc.jar:/Users/nicobeard/.m2/repository/org/codehaus/jackson/jackson-core-asl/1.9.11/jackson-core-asl-1.9.11.jar:/Users/nicobeard/.m2/repository/com/google/oauth-client/google-oauth-client-java6/1.15.0-rc/google-oauth-client-java6-1.15.0-rc.jar:/Users/nicobeard/.m2/repository/com/google/cloud/sql/postgres-socket-factory/1.0.15/postgres-socket-factory-1.0.15.jar:/Users/nicobeard/.m2/repository/com/sparkjava/spark-core/2.5.4/spark-core-2.5.4.jar:/Users/nicobeard/.m2/repository/org/slf4j/slf4j-api/1.7.13/slf4j-api-1.7.13.jar:/Users/nicobeard/.m2/repository/org/eclipse/jetty/jetty-server/9.3.6.v20151106/jetty-server-9.3.6.v20151106.jar:/Users/nicobeard/.m2/repository/javax/servlet/javax.servlet-api/3.1.0/javax.servlet-api-3.1.0.jar:/Users/nicobeard/.m2/repository/org/eclipse/jetty/jetty-http/9.3.6.v20151106/jetty-http-9.3.6.v20151106.jar:/Users/nicobeard/.m2/repository/org/eclipse/jetty/jetty-util/9.3.6.v20151106/jetty-util-9.3.6.v20151106.jar:/Users/nicobeard/.m2/repository/org/eclipse/jetty/jetty-io/9.3.6.v20151106/jetty-io-9.3.6.v20151106.jar:/Users/nicobeard/.m2/repository/org/eclipse/jetty/jetty-webapp/9.3.6.v20151106/jetty-webapp-9.3.6.v20151106.jar:/Users/nicobeard/.m2/repository/org/eclipse/jetty/jetty-xml/9.3.6.v20151106/jetty-xml-9.3.6.v20151106.jar:/Users/nicobeard/.m2/repository/org/eclipse/jetty/jetty-servlet/9.3.6.v20151106/jetty-servlet-9.3.6.v20151106.jar:/Users/nicobeard/.m2/repository/org/eclipse/jetty/jetty-security/9.3.6.v20151106/jetty-security-9.3.6.v20151106.jar:/Users/nicobeard/.m2/repository/org/eclipse/jetty/websocket/websocket-server/9.3.6.v20151106/websocket-server-9.3.6.v20151106.jar:/Users/nicobeard/.m2/repository/org/eclipse/jetty/websocket/websocket-common/9.3.6.v20151106/websocket-common-9.3.6.v20151106.jar:/Users/nicobeard/.m2/repository/org/eclipse/jetty/websocket/websocket-client/9.3.6.v20151106/websocket-client-9.3.6.v20151106.jar:/Users/nicobeard/.m2/repository/org/eclipse/jetty/websocket/websocket-servlet/9.3.6.v20151106/websocket-servlet-9.3.6.v20151106.jar:/Users/nicobeard/.m2/repository/org/eclipse/jetty/websocket/websocket-api/9.3.6.v20151106/websocket-api-9.3.6.v20151106.jar:/Users/nicobeard/.m2/repository/com/google/code/gson/gson/2.8.0/gson-2.8.0.jar:/Users/nicobeard/.m2/repository/org/ow2/asm/asm-util/7.1/asm-util-7.1.jar:/Users/nicobeard/.m2/repository/org/ow2/asm/asm/7.1/asm-7.1.jar:/Users/nicobeard/.m2/repository/org/ow2/asm/asm-tree/7.1/asm-tree-7.1.jar:/Users/nicobeard/.m2/repository/org/ow2/asm/asm-analysis/7.1/asm-analysis-7.1.jar:"/>
    <property name="sun.cpu.endian" value="little"/>
    <property name="user.home" value="/Users/nicobeard"/>
    <property name="user.language" value="en"/>
    <property name="java.specification.vendor" value="Oracle Corporation"/>
    <property name="java.home" value="/Library/Java/JavaVirtualMachines/jdk1.8.0_261.jdk/Contents/Home/jre"/>
    <property name="basedir" value="/Users/nicobeard/Documents/falling-knives-capstone/Backend"/>
    <property name="file.separator" value="/"/>
    <property name="line.separator" value="&#10;"/>
    <property name="java.vm.specification.vendor" value="Oracle Corporation"/>
    <property name="java.specification.name" value="Java Platform API Specification"/>
    <property name="java.awt.graphicsenv" value="sun.awt.CGraphicsEnvironment"/>
    <property name="surefire.real.class.path" value="/Users/nicobeard/Documents/falling-knives-capstone/Backend/target/surefire/surefirebooter5739441684056494962.jar"/>
    <property name="sun.boot.class.path" value="/Library/Java/JavaVirtualMachines/jdk1.8.0_261.jdk/Contents/Home/jre/lib/resources.jar:/Library/Java/JavaVirtualMachines/jdk1.8.0_261.jdk/Contents/Home/jre/lib/rt.jar:/Library/Java/JavaVirtualMachines/jdk1.8.0_261.jdk/Contents/Home/jre/lib/sunrsasign.jar:/Library/Java/JavaVirtualMachines/jdk1.8.0_261.jdk/Contents/Home/jre/lib/jsse.jar:/Library/Java/JavaVirtualMachines/jdk1.8.0_261.jdk/Contents/Home/jre/lib/jce.jar:/Library/Java/JavaVirtualMachines/jdk1.8.0_261.jdk/Contents/Home/jre/lib/charsets.jar:/Library/Java/JavaVirtualMachines/jdk1.8.0_261.jdk/Contents/Home/jre/lib/jfr.jar:/Library/Java/JavaVirtualMachines/jdk1.8.0_261.jdk/Contents/Home/jre/classes"/>
    <property name="sun.management.compiler" value="HotSpot 64-Bit Tiered Compilers"/>
    <property name="ftp.nonProxyHosts" value="local|*.local|169.254/16|*.169.254/16"/>
    <property name="java.runtime.version" value="1.8.0_261-b12"/>
    <property name="user.name" value="nicobeard"/>
    <property name="path.separator" value=":"/>
    <property name="os.version" value="10.15.6"/>
    <property name="java.endorsed.dirs" value="/Library/Java/JavaVirtualMachines/jdk1.8.0_261.jdk/Contents/Home/jre/lib/endorsed"/>
    <property name="java.runtime.name" value="Java(TM) SE Runtime Environment"/>
    <property name="file.encoding" value="UTF-8"/>
    <property name="java.vm.name" value="Java HotSpot(TM) 64-Bit Server VM"/>
    <property name="localRepository" value="/Users/nicobeard/.m2/repository"/>
    <property name="java.vendor.url.bug" value="http://bugreport.sun.com/bugreport/"/>
    <property name="java.io.tmpdir" value="/var/folders/5k/4fkjmbj505qgkzg86lftk4t00000gn/T/"/>
    <property name="java.version" value="1.8.0_261"/>
    <property name="user.dir" value="/Users/nicobeard/Documents/falling-knives-capstone/Backend"/>
    <property name="os.arch" value="x86_64"/>
    <property name="java.vm.specification.name" value="Java Virtual Machine Specification"/>
    <property name="java.awt.printerjob" value="sun.lwawt.macosx.CPrinterJob"/>
    <property name="sun.os.patch.level" value="unknown"/>
    <property name="java.library.path" value="/Users/nicobeard/Library/Java/Extensions:/Library/Java/Extensions:/Network/Library/Java/Extensions:/System/Library/Java/Extensions:/usr/lib/java:."/>
    <property name="java.vm.info" value="mixed mode"/>
    <property name="java.vendor" value="Oracle Corporation"/>
    <property name="java.vm.version" value="25.261-b12"/>
    <property name="java.ext.dirs" value="/Users/nicobeard/Library/Java/Extensions:/Library/Java/JavaVirtualMachines/jdk1.8.0_261.jdk/Contents/Home/jre/lib/ext:/Library/Java/Extensions:/Network/Library/Java/Extensions:/System/Library/Java/Extensions:/usr/lib/java"/>
    <property name="sun.io.unicode.encoding" value="UnicodeBig"/>
    <property name="java.class.version" value="52.0"/>
    <property name="socksNonProxyHosts" value="local|*.local|169.254/16|*.169.254/16"/>
  </properties>
  <testcase name="shouldAnswerWithTrue" classname="FallingKnives.AppTest" time="0.002"/>
</testsuite>