<?xml version="1.0" encoding="UTF-8"?>
<testsuite xmlns:xsi="http://www.w3.org/2001/XMLSchema-instance" xsi:noNamespaceSchemaLocation="https://maven.apache.org/surefire/maven-surefire-plugin/xsd/surefire-test-report.xsd" name="FallingKnives.AppTest" time="0.106" tests="1" errors="0" skipped="0" failures="0">
  <properties>
    <property name="gopherProxySet" value="false"/>
    <property name="awt.toolkit" value="sun.lwawt.macosx.LWCToolkit"/>
    <property name="java.specification.version" value="9"/>
    <property name="file.encoding.pkg" value="sun.io"/>
    <property name="sun.cpu.isalist" value=""/>
    <property name="sun.jnu.encoding" value="UTF-8"/>
    <property name="java.class.path" value="/Users/ryanskessler/Documents/FallingKnivesBackend/Backend/target/test-classes:/Users/ryanskessler/Documents/FallingKnivesBackend/Backend/target/classes:/Users/ryanskessler/.m2/repository/junit/junit/4.11/junit-4.11.jar:/Users/ryanskessler/.m2/repository/org/hamcrest/hamcrest-core/1.3/hamcrest-core-1.3.jar:/Users/ryanskessler/.m2/repository/org/postgresql/postgresql/42.2.12/postgresql-42.2.12.jar:/Users/ryanskessler/.m2/repository/com/google/cloud/sql/jdbc-socket-factory-core/1.0.15/jdbc-socket-factory-core-1.0.15.jar:/Users/ryanskessler/.m2/repository/com/google/apis/google-api-services-sqladmin/v1beta4-rev20190607-1.30.1/google-api-services-sqladmin-v1beta4-rev20190607-1.30.1.jar:/Users/ryanskessler/.m2/repository/com/google/api-client/google-api-client/1.30.1/google-api-client-1.30.1.jar:/Users/ryanskessler/.m2/repository/com/google/auth/google-auth-library-oauth2-http/0.17.1/google-auth-library-oauth2-http-0.17.1.jar:/Users/ryanskessler/.m2/repository/com/google/auto/value/auto-value-annotations/1.6.6/auto-value-annotations-1.6.6.jar:/Users/ryanskessler/.m2/repository/com/google/code/findbugs/jsr305/3.0.2/jsr305-3.0.2.jar:/Users/ryanskessler/.m2/repository/com/google/auth/google-auth-library-credentials/0.17.1/google-auth-library-credentials-0.17.1.jar:/Users/ryanskessler/.m2/repository/com/google/http-client/google-http-client-jackson2/1.31.0/google-http-client-jackson2-1.31.0.jar:/Users/ryanskessler/.m2/repository/com/fasterxml/jackson/core/jackson-core/2.9.9/jackson-core-2.9.9.jar:/Users/ryanskessler/.m2/repository/com/google/guava/guava/28.0-android/guava-28.0-android.jar:/Users/ryanskessler/.m2/repository/com/google/guava/failureaccess/1.0.1/failureaccess-1.0.1.jar:/Users/ryanskessler/.m2/repository/com/google/guava/listenablefuture/9999.0-empty-to-avoid-conflict-with-guava/listenablefuture-9999.0-empty-to-avoid-conflict-with-guava.jar:/Users/ryanskessler/.m2/repository/org/checkerframework/checker-compat-qual/2.5.5/checker-compat-qual-2.5.5.jar:/Users/ryanskessler/.m2/repository/com/google/errorprone/error_prone_annotations/2.3.2/error_prone_annotations-2.3.2.jar:/Users/ryanskessler/.m2/repository/com/google/j2objc/j2objc-annotations/1.3/j2objc-annotations-1.3.jar:/Users/ryanskessler/.m2/repository/org/codehaus/mojo/animal-sniffer-annotations/1.17/animal-sniffer-annotations-1.17.jar:/Users/ryanskessler/.m2/repository/com/github/jnr/jnr-unixsocket/0.28/jnr-unixsocket-0.28.jar:/Users/ryanskessler/.m2/repository/com/github/jnr/jnr-ffi/2.1.12/jnr-ffi-2.1.12.jar:/Users/ryanskessler/.m2/repository/com/github/jnr/jffi/1.2.23/jffi-1.2.23.jar:/Users/ryanskessler/.m2/repository/com/github/jnr/jffi/1.2.23/jffi-1.2.23-native.jar:/Users/ryanskessler/.m2/repository/org/ow2/asm/asm-commons/7.1/asm-commons-7.1.jar:/Users/ryanskessler/.m2/repository/com/github/jnr/jnr-a64asm/1.0.0/jnr-a64asm-1.0.0.jar:/Users/ryanskessler/.m2/repository/com/github/jnr/jnr-x86asm/1.0.2/jnr-x86asm-1.0.2.jar:/Users/ryanskessler/.m2/repository/com/github/jnr/jnr-constants/0.9.15/jnr-constants-0.9.15.jar:/Users/ryanskessler/.m2/repository/com/github/jnr/jnr-enxio/0.25/jnr-enxio-0.25.jar:/Users/ryanskessler/.m2/repository/com/github/jnr/jnr-posix/3.0.54/jnr-posix-3.0.54.jar:/Users/ryanskessler/.m2/repository/com/google/http-client/google-http-client-jackson/1.15.0-rc/google-http-client-jackson-1.15.0-rc.jar:/Users/ryanskessler/.m2/repository/com/google/http-client/google-http-client/1.15.0-rc/google-http-client-1.15.0-rc.jar:/Users/ryanskessler/.m2/repository/org/apache/httpcomponents/httpclient/4.0.1/httpclient-4.0.1.jar:/Users/ryanskessler/.m2/repository/org/apache/httpcomponents/httpcore/4.0.1/httpcore-4.0.1.jar:/Users/ryanskessler/.m2/repository/commons-logging/commons-logging/1.1.1/commons-logging-1.1.1.jar:/Users/ryanskessler/.m2/repository/commons-codec/commons-codec/1.3/commons-codec-1.3.jar:/Users/ryanskessler/.m2/repository/xpp3/xpp3/1.1.4c/xpp3-1.1.4c.jar:/Users/ryanskessler/.m2/repository/org/codehaus/jackson/jackson-core-asl/1.9.11/jackson-core-asl-1.9.11.jar:/Users/ryanskessler/.m2/repository/com/google/oauth-client/google-oauth-client-java6/1.15.0-rc/google-oauth-client-java6-1.15.0-rc.jar:/Users/ryanskessler/.m2/repository/com/google/oauth-client/google-oauth-client/1.15.0-rc/google-oauth-client-1.15.0-rc.jar:/Users/ryanskessler/.m2/repository/com/google/cloud/sql/postgres-socket-factory/1.0.15/postgres-socket-factory-1.0.15.jar:/Users/ryanskessler/.m2/repository/org/ow2/asm/asm-util/7.1/asm-util-7.1.jar:/Users/ryanskessler/.m2/repository/org/ow2/asm/asm/7.1/asm-7.1.jar:/Users/ryanskessler/.m2/repository/org/ow2/asm/asm-tree/7.1/asm-tree-7.1.jar:/Users/ryanskessler/.m2/repository/org/ow2/asm/asm-analysis/7.1/asm-analysis-7.1.jar:"/>
    <property name="java.vm.vendor" value="Oracle Corporation"/>
    <property name="sun.arch.data.model" value="64"/>
    <property name="java.vendor.url" value="http://java.oracle.com/"/>
    <property name="user.timezone" value=""/>
    <property name="java.vm.specification.version" value="9"/>
    <property name="os.name" value="Mac OS X"/>
    <property name="sun.java.launcher" value="SUN_STANDARD"/>
    <property name="user.country" value="US"/>
    <property name="sun.boot.library.path" value="/Library/Java/JavaVirtualMachines/jdk-9.0.1.jdk/Contents/Home/lib"/>
    <property name="sun.java.command" value="/Users/ryanskessler/Documents/FallingKnivesBackend/Backend/target/surefire/surefirebooter12257288785112764486.jar /Users/ryanskessler/Documents/FallingKnivesBackend/Backend/target/surefire 2020-04-25T15-56-28_645-jvmRun1 surefire2582756041487566939tmp surefire_03286343765034634614tmp"/>
    <property name="http.nonProxyHosts" value="local|*.local|169.254/16|*.169.254/16"/>
    <property name="jdk.debug" value="release"/>
    <property name="surefire.test.class.path" value="/Users/ryanskessler/Documents/FallingKnivesBackend/Backend/target/test-classes:/Users/ryanskessler/Documents/FallingKnivesBackend/Backend/target/classes:/Users/ryanskessler/.m2/repository/junit/junit/4.11/junit-4.11.jar:/Users/ryanskessler/.m2/repository/org/hamcrest/hamcrest-core/1.3/hamcrest-core-1.3.jar:/Users/ryanskessler/.m2/repository/org/postgresql/postgresql/42.2.12/postgresql-42.2.12.jar:/Users/ryanskessler/.m2/repository/com/google/cloud/sql/jdbc-socket-factory-core/1.0.15/jdbc-socket-factory-core-1.0.15.jar:/Users/ryanskessler/.m2/repository/com/google/apis/google-api-services-sqladmin/v1beta4-rev20190607-1.30.1/google-api-services-sqladmin-v1beta4-rev20190607-1.30.1.jar:/Users/ryanskessler/.m2/repository/com/google/api-client/google-api-client/1.30.1/google-api-client-1.30.1.jar:/Users/ryanskessler/.m2/repository/com/google/auth/google-auth-library-oauth2-http/0.17.1/google-auth-library-oauth2-http-0.17.1.jar:/Users/ryanskessler/.m2/repository/com/google/auto/value/auto-value-annotations/1.6.6/auto-value-annotations-1.6.6.jar:/Users/ryanskessler/.m2/repository/com/google/code/findbugs/jsr305/3.0.2/jsr305-3.0.2.jar:/Users/ryanskessler/.m2/repository/com/google/auth/google-auth-library-credentials/0.17.1/google-auth-library-credentials-0.17.1.jar:/Users/ryanskessler/.m2/repository/com/google/http-client/google-http-client-jackson2/1.31.0/google-http-client-jackson2-1.31.0.jar:/Users/ryanskessler/.m2/repository/com/fasterxml/jackson/core/jackson-core/2.9.9/jackson-core-2.9.9.jar:/Users/ryanskessler/.m2/repository/com/google/guava/guava/28.0-android/guava-28.0-android.jar:/Users/ryanskessler/.m2/repository/com/google/guava/failureaccess/1.0.1/failureaccess-1.0.1.jar:/Users/ryanskessler/.m2/repository/com/google/guava/listenablefuture/9999.0-empty-to-avoid-conflict-with-guava/listenablefuture-9999.0-empty-to-avoid-conflict-with-guava.jar:/Users/ryanskessler/.m2/repository/org/checkerframework/checker-compat-qual/2.5.5/checker-compat-qual-2.5.5.jar:/Users/ryanskessler/.m2/repository/com/google/errorprone/error_prone_annotations/2.3.2/error_prone_annotations-2.3.2.jar:/Users/ryanskessler/.m2/repository/com/google/j2objc/j2objc-annotations/1.3/j2objc-annotations-1.3.jar:/Users/ryanskessler/.m2/repository/org/codehaus/mojo/animal-sniffer-annotations/1.17/animal-sniffer-annotations-1.17.jar:/Users/ryanskessler/.m2/repository/com/github/jnr/jnr-unixsocket/0.28/jnr-unixsocket-0.28.jar:/Users/ryanskessler/.m2/repository/com/github/jnr/jnr-ffi/2.1.12/jnr-ffi-2.1.12.jar:/Users/ryanskessler/.m2/repository/com/github/jnr/jffi/1.2.23/jffi-1.2.23.jar:/Users/ryanskessler/.m2/repository/com/github/jnr/jffi/1.2.23/jffi-1.2.23-native.jar:/Users/ryanskessler/.m2/repository/org/ow2/asm/asm-commons/7.1/asm-commons-7.1.jar:/Users/ryanskessler/.m2/repository/com/github/jnr/jnr-a64asm/1.0.0/jnr-a64asm-1.0.0.jar:/Users/ryanskessler/.m2/repository/com/github/jnr/jnr-x86asm/1.0.2/jnr-x86asm-1.0.2.jar:/Users/ryanskessler/.m2/repository/com/github/jnr/jnr-constants/0.9.15/jnr-constants-0.9.15.jar:/Users/ryanskessler/.m2/repository/com/github/jnr/jnr-enxio/0.25/jnr-enxio-0.25.jar:/Users/ryanskessler/.m2/repository/com/github/jnr/jnr-posix/3.0.54/jnr-posix-3.0.54.jar:/Users/ryanskessler/.m2/repository/com/google/http-client/google-http-client-jackson/1.15.0-rc/google-http-client-jackson-1.15.0-rc.jar:/Users/ryanskessler/.m2/repository/com/google/http-client/google-http-client/1.15.0-rc/google-http-client-1.15.0-rc.jar:/Users/ryanskessler/.m2/repository/org/apache/httpcomponents/httpclient/4.0.1/httpclient-4.0.1.jar:/Users/ryanskessler/.m2/repository/org/apache/httpcomponents/httpcore/4.0.1/httpcore-4.0.1.jar:/Users/ryanskessler/.m2/repository/commons-logging/commons-logging/1.1.1/commons-logging-1.1.1.jar:/Users/ryanskessler/.m2/repository/commons-codec/commons-codec/1.3/commons-codec-1.3.jar:/Users/ryanskessler/.m2/repository/xpp3/xpp3/1.1.4c/xpp3-1.1.4c.jar:/Users/ryanskessler/.m2/repository/org/codehaus/jackson/jackson-core-asl/1.9.11/jackson-core-asl-1.9.11.jar:/Users/ryanskessler/.m2/repository/com/google/oauth-client/google-oauth-client-java6/1.15.0-rc/google-oauth-client-java6-1.15.0-rc.jar:/Users/ryanskessler/.m2/repository/com/google/oauth-client/google-oauth-client/1.15.0-rc/google-oauth-client-1.15.0-rc.jar:/Users/ryanskessler/.m2/repository/com/google/cloud/sql/postgres-socket-factory/1.0.15/postgres-socket-factory-1.0.15.jar:/Users/ryanskessler/.m2/repository/org/ow2/asm/asm-util/7.1/asm-util-7.1.jar:/Users/ryanskessler/.m2/repository/org/ow2/asm/asm/7.1/asm-7.1.jar:/Users/ryanskessler/.m2/repository/org/ow2/asm/asm-tree/7.1/asm-tree-7.1.jar:/Users/ryanskessler/.m2/repository/org/ow2/asm/asm-analysis/7.1/asm-analysis-7.1.jar:"/>
    <property name="sun.cpu.endian" value="little"/>
    <property name="user.home" value="/Users/ryanskessler"/>
    <property name="user.language" value="en"/>
    <property name="java.specification.vendor" value="Oracle Corporation"/>
    <property name="java.home" value="/Library/Java/JavaVirtualMachines/jdk-9.0.1.jdk/Contents/Home"/>
    <property name="file.separator" value="/"/>
    <property name="basedir" value="/Users/ryanskessler/Documents/FallingKnivesBackend/Backend"/>
    <property name="java.vm.compressedOopsMode" value="Zero based"/>
    <property name="line.separator" value="&#10;"/>
    <property name="java.specification.name" value="Java Platform API Specification"/>
    <property name="java.vm.specification.vendor" value="Oracle Corporation"/>
    <property name="java.awt.graphicsenv" value="sun.awt.CGraphicsEnvironment"/>
    <property name="surefire.real.class.path" value="/Users/ryanskessler/Documents/FallingKnivesBackend/Backend/target/surefire/surefirebooter12257288785112764486.jar"/>
    <property name="sun.management.compiler" value="HotSpot 64-Bit Tiered Compilers"/>
    <property name="ftp.nonProxyHosts" value="local|*.local|169.254/16|*.169.254/16"/>
    <property name="java.runtime.version" value="9.0.1+11"/>
    <property name="user.name" value="ryanskessler"/>
    <property name="path.separator" value=":"/>
    <property name="os.version" value="10.14.6"/>
    <property name="java.runtime.name" value="Java(TM) SE Runtime Environment"/>
    <property name="file.encoding" value="UTF-8"/>
    <property name="java.vm.name" value="Java HotSpot(TM) 64-Bit Server VM"/>
    <property name="localRepository" value="/Users/ryanskessler/.m2/repository"/>
    <property name="java.vendor.url.bug" value="http://bugreport.java.com/bugreport/"/>
    <property name="java.io.tmpdir" value="/var/folders/yb/chrh0znx6p592_bj759jw_c80000gn/T/"/>
    <property name="java.version" value="9.0.1"/>
    <property name="user.dir" value="/Users/ryanskessler/Documents/FallingKnivesBackend/Backend"/>
    <property name="os.arch" value="x86_64"/>
    <property name="java.vm.specification.name" value="Java Virtual Machine Specification"/>
    <property name="java.awt.printerjob" value="sun.lwawt.macosx.CPrinterJob"/>
    <property name="sun.os.patch.level" value="unknown"/>
    <property name="java.library.path" value="/Users/ryanskessler/Library/Java/Extensions:/Library/Java/Extensions:/Network/Library/Java/Extensions:/System/Library/Java/Extensions:/usr/lib/java:."/>
    <property name="java.vm.info" value="mixed mode"/>
    <property name="java.vendor" value="Oracle Corporation"/>
    <property name="java.vm.version" value="9.0.1+11"/>
    <property name="sun.io.unicode.encoding" value="UnicodeBig"/>
    <property name="java.class.version" value="53.0"/>
    <property name="socksNonProxyHosts" value="local|*.local|169.254/16|*.169.254/16"/>
  </properties>
  <testcase name="shouldAnswerWithTrue" classname="FallingKnives.AppTest" time="0.002"/>
</testsuite>