<?xml version="1.0" encoding="UTF-8"?>
<testsuite xmlns:xsi="http://www.w3.org/2001/XMLSchema-instance" xsi:noNamespaceSchemaLocation="https://maven.apache.org/surefire/maven-surefire-plugin/xsd/surefire-test-report.xsd" name="FallingKnives.AppTest" time="0.045" tests="1" errors="0" skipped="0" failures="0">
  <properties>
    <property name="gopherProxySet" value="false"/>
    <property name="awt.toolkit" value="sun.lwawt.macosx.LWCToolkit"/>
    <property name="file.encoding.pkg" value="sun.io"/>
    <property name="java.specification.version" value="1.8"/>
    <property name="sun.cpu.isalist" value=""/>
    <property name="sun.jnu.encoding" value="UTF-8"/>
    <property name="java.class.path" value="/Users/nicobeard/Documents/falling-knives-capstone/target/test-classes:/Users/nicobeard/Documents/falling-knives-capstone/target/classes:/Users/nicobeard/.m2/repository/org/apache/tomcat/embed/tomcat-embed-core/8.5.23/tomcat-embed-core-8.5.23.jar:/Users/nicobeard/.m2/repository/org/apache/tomcat/tomcat-annotations-api/8.5.23/tomcat-annotations-api-8.5.23.jar:/Users/nicobeard/.m2/repository/org/apache/tomcat/embed/tomcat-embed-jasper/8.5.23/tomcat-embed-jasper-8.5.23.jar:/Users/nicobeard/.m2/repository/org/apache/tomcat/embed/tomcat-embed-el/8.5.23/tomcat-embed-el-8.5.23.jar:/Users/nicobeard/.m2/repository/org/eclipse/jdt/ecj/3.12.3/ecj-3.12.3.jar:/Users/nicobeard/.m2/repository/org/apache/tomcat/tomcat-jasper/8.5.28/tomcat-jasper-8.5.28.jar:/Users/nicobeard/.m2/repository/org/apache/tomcat/tomcat-servlet-api/8.5.28/tomcat-servlet-api-8.5.28.jar:/Users/nicobeard/.m2/repository/org/apache/tomcat/tomcat-juli/8.5.28/tomcat-juli-8.5.28.jar:/Users/nicobeard/.m2/repository/org/apache/tomcat/tomcat-el-api/8.5.28/tomcat-el-api-8.5.28.jar:/Users/nicobeard/.m2/repository/org/apache/tomcat/tomcat-api/8.5.28/tomcat-api-8.5.28.jar:/Users/nicobeard/.m2/repository/org/apache/tomcat/tomcat-util-scan/8.5.28/tomcat-util-scan-8.5.28.jar:/Users/nicobeard/.m2/repository/org/apache/tomcat/tomcat-util/8.5.28/tomcat-util-8.5.28.jar:/Users/nicobeard/.m2/repository/org/apache/tomcat/tomcat-jasper-el/8.5.23/tomcat-jasper-el-8.5.23.jar:/Users/nicobeard/.m2/repository/org/apache/tomcat/tomcat-jsp-api/8.5.23/tomcat-jsp-api-8.5.23.jar:/Users/nicobeard/.m2/repository/com/google/api-client/google-api-client/1.30.9/google-api-client-1.30.9.jar:/Users/nicobeard/.m2/repository/com/google/oauth-client/google-oauth-client/1.30.5/google-oauth-client-1.30.5.jar:/Users/nicobeard/.m2/repository/com/google/http-client/google-http-client-jackson2/1.34.2/google-http-client-jackson2-1.34.2.jar:/Users/nicobeard/.m2/repository/com/fasterxml/jackson/core/jackson-core/2.10.2/jackson-core-2.10.2.jar:/Users/nicobeard/.m2/repository/com/google/guava/guava/28.2-android/guava-28.2-android.jar:/Users/nicobeard/.m2/repository/com/google/guava/failureaccess/1.0.1/failureaccess-1.0.1.jar:/Users/nicobeard/.m2/repository/com/google/guava/listenablefuture/9999.0-empty-to-avoid-conflict-with-guava/listenablefuture-9999.0-empty-to-avoid-conflict-with-guava.jar:/Users/nicobeard/.m2/repository/org/checkerframework/checker-compat-qual/2.5.5/checker-compat-qual-2.5.5.jar:/Users/nicobeard/.m2/repository/com/google/errorprone/error_prone_annotations/2.3.4/error_prone_annotations-2.3.4.jar:/Users/nicobeard/.m2/repository/com/google/j2objc/j2objc-annotations/1.3/j2objc-annotations-1.3.jar:/Users/nicobeard/.m2/repository/com/google/cloud/google-cloud-core/1.93.3/google-cloud-core-1.93.3.jar:/Users/nicobeard/.m2/repository/com/google/api/gax/1.54.0/gax-1.54.0.jar:/Users/nicobeard/.m2/repository/com/google/auto/value/auto-value-annotations/1.7/auto-value-annotations-1.7.jar:/Users/nicobeard/.m2/repository/com/google/protobuf/protobuf-java-util/3.11.4/protobuf-java-util-3.11.4.jar:/Users/nicobeard/.m2/repository/com/google/api/grpc/proto-google-common-protos/1.17.0/proto-google-common-protos-1.17.0.jar:/Users/nicobeard/.m2/repository/com/google/api/grpc/proto-google-iam-v1/0.13.0/proto-google-iam-v1-0.13.0.jar:/Users/nicobeard/.m2/repository/org/threeten/threetenbp/1.4.1/threetenbp-1.4.1.jar:/Users/nicobeard/.m2/repository/com/google/api/api-common/1.8.1/api-common-1.8.1.jar:/Users/nicobeard/.m2/repository/javax/annotation/javax.annotation-api/1.3.2/javax.annotation-api-1.3.2.jar:/Users/nicobeard/.m2/repository/com/google/auth/google-auth-library-credentials/0.20.0/google-auth-library-credentials-0.20.0.jar:/Users/nicobeard/.m2/repository/com/google/auth/google-auth-library-oauth2-http/0.20.0/google-auth-library-oauth2-http-0.20.0.jar:/Users/nicobeard/.m2/repository/com/google/http-client/google-http-client/1.34.2/google-http-client-1.34.2.jar:/Users/nicobeard/.m2/repository/org/apache/httpcomponents/httpclient/4.5.11/httpclient-4.5.11.jar:/Users/nicobeard/.m2/repository/commons-logging/commons-logging/1.2/commons-logging-1.2.jar:/Users/nicobeard/.m2/repository/commons-codec/commons-codec/1.11/commons-codec-1.11.jar:/Users/nicobeard/.m2/repository/org/apache/httpcomponents/httpcore/4.4.13/httpcore-4.4.13.jar:/Users/nicobeard/.m2/repository/io/opencensus/opencensus-contrib-http-util/0.24.0/opencensus-contrib-http-util-0.24.0.jar:/Users/nicobeard/.m2/repository/com/google/protobuf/protobuf-java/3.11.4/protobuf-java-3.11.4.jar:/Users/nicobeard/.m2/repository/com/google/code/findbugs/jsr305/3.0.2/jsr305-3.0.2.jar:/Users/nicobeard/.m2/repository/com/google/cloud/google-cloud-storage/1.106.0/google-cloud-storage-1.106.0.jar:/Users/nicobeard/.m2/repository/com/google/apis/google-api-services-storage/v1-rev20200226-1.30.9/google-api-services-storage-v1-rev20200226-1.30.9.jar:/Users/nicobeard/.m2/repository/com/google/cloud/google-cloud-core-http/1.93.3/google-cloud-core-http-1.93.3.jar:/Users/nicobeard/.m2/repository/com/google/http-client/google-http-client-appengine/1.34.2/google-http-client-appengine-1.34.2.jar:/Users/nicobeard/.m2/repository/com/google/api/gax-httpjson/0.71.0/gax-httpjson-0.71.0.jar:/Users/nicobeard/.m2/repository/io/opencensus/opencensus-api/0.24.0/opencensus-api-0.24.0.jar:/Users/nicobeard/.m2/repository/io/grpc/grpc-context/1.22.1/grpc-context-1.22.1.jar:/Users/nicobeard/.m2/repository/junit/junit/4.11/junit-4.11.jar:/Users/nicobeard/.m2/repository/org/hamcrest/hamcrest-core/1.3/hamcrest-core-1.3.jar:/Users/nicobeard/.m2/repository/org/postgresql/postgresql/42.2.12/postgresql-42.2.12.jar:/Users/nicobeard/.m2/repository/com/google/cloud/sql/jdbc-socket-factory-core/1.0.15/jdbc-socket-factory-core-1.0.15.jar:/Users/nicobeard/.m2/repository/com/google/apis/google-api-services-sqladmin/v1beta4-rev20190607-1.30.1/google-api-services-sqladmin-v1beta4-rev20190607-1.30.1.jar:/Users/nicobeard/.m2/repository/com/github/jnr/jnr-unixsocket/0.28/jnr-unixsocket-0.28.jar:/Users/nicobeard/.m2/repository/com/github/jnr/jnr-ffi/2.1.12/jnr-ffi-2.1.12.jar:/Users/nicobeard/.m2/repository/com/github/jnr/jffi/1.2.23/jffi-1.2.23.jar:/Users/nicobeard/.m2/repository/com/github/jnr/jffi/1.2.23/jffi-1.2.23-native.jar:/Users/nicobeard/.m2/repository/org/ow2/asm/asm-commons/7.1/asm-commons-7.1.jar:/Users/nicobeard/.m2/repository/com/github/jnr/jnr-a64asm/1.0.0/jnr-a64asm-1.0.0.jar:/Users/nicobeard/.m2/repository/com/github/jnr/jnr-x86asm/1.0.2/jnr-x86asm-1.0.2.jar:/Users/nicobeard/.m2/repository/com/github/jnr/jnr-constants/0.9.15/jnr-constants-0.9.15.jar:/Users/nicobeard/.m2/repository/com/github/jnr/jnr-enxio/0.25/jnr-enxio-0.25.jar:/Users/nicobeard/.m2/repository/com/github/jnr/jnr-posix/3.0.54/jnr-posix-3.0.54.jar:/Users/nicobeard/.m2/repository/com/google/http-client/google-http-client-jackson/1.15.0-rc/google-http-client-jackson-1.15.0-rc.jar:/Users/nicobeard/.m2/repository/org/codehaus/jackson/jackson-core-asl/1.9.11/jackson-core-asl-1.9.11.jar:/Users/nicobeard/.m2/repository/com/google/oauth-client/google-oauth-client-java6/1.15.0-rc/google-oauth-client-java6-1.15.0-rc.jar:/Users/nicobeard/.m2/repository/com/google/cloud/sql/postgres-socket-factory/1.0.15/postgres-socket-factory-1.0.15.jar:/Users/nicobeard/.m2/repository/com/sparkjava/spark-core/2.5.4/spark-core-2.5.4.jar:/Users/nicobeard/.m2/repository/org/slf4j/slf4j-api/1.7.13/slf4j-api-1.7.13.jar:/Users/nicobeard/.m2/repository/org/eclipse/jetty/jetty-server/9.3.6.v20151106/jetty-server-9.3.6.v20151106.jar:/Users/nicobeard/.m2/repository/javax/servlet/javax.servlet-api/3.1.0/javax.servlet-api-3.1.0.jar:/Users/nicobeard/.m2/repository/org/eclipse/jetty/jetty-http/9.3.6.v20151106/jetty-http-9.3.6.v20151106.jar:/Users/nicobeard/.m2/repository/org/eclipse/jetty/jetty-util/9.3.6.v20151106/jetty-util-9.3.6.v20151106.jar:/Users/nicobeard/.m2/repository/org/eclipse/jetty/jetty-io/9.3.6.v20151106/jetty-io-9.3.6.v20151106.jar:/Users/nicobeard/.m2/repository/org/eclipse/jetty/jetty-webapp/9.3.6.v20151106/jetty-webapp-9.3.6.v20151106.jar:/Users/nicobeard/.m2/repository/org/eclipse/jetty/jetty-xml/9.3.6.v20151106/jetty-xml-9.3.6.v20151106.jar:/Users/nicobeard/.m2/repository/org/eclipse/jetty/jetty-servlet/9.3.6.v20151106/jetty-servlet-9.3.6.v20151106.jar:/Users/nicobeard/.m2/repository/org/eclipse/jetty/jetty-security/9.3.6.v20151106/jetty-security-9.3.6.v20151106.jar:/Users/nicobeard/.m2/repository/org/eclipse/jetty/websocket/websocket-server/9.3.6.v20151106/websocket-server-9.3.6.v20151106.jar:/Users/nicobeard/.m2/repository/org/eclipse/jetty/websocket/websocket-common/9.3.6.v20151106/websocket-common-9.3.6.v20151106.jar:/Users/nicobeard/.m2/repository/org/eclipse/jetty/websocket/websocket-client/9.3.6.v20151106/websocket-client-9.3.6.v20151106.jar:/Users/nicobeard/.m2/repository/org/eclipse/jetty/websocket/websocket-servlet/9.3.6.v20151106/websocket-servlet-9.3.6.v20151106.jar:/Users/nicobeard/.m2/repository/org/eclipse/jetty/websocket/websocket-api/9.3.6.v20151106/websocket-api-9.3.6.v20151106.jar:/Users/nicobeard/.m2/repository/com/google/code/gson/gson/2.8.0/gson-2.8.0.jar:/Users/nicobeard/.m2/repository/com/heroku/sdk/heroku-maven-plugin/3.0.4/heroku-maven-plugin-3.0.4.jar:/Users/nicobeard/.m2/repository/com/heroku/sdk/heroku-deploy/3.0.4/heroku-deploy-3.0.4.jar:/Users/nicobeard/.m2/repository/com/fasterxml/jackson/core/jackson-databind/2.10.2/jackson-databind-2.10.2.jar:/Users/nicobeard/.m2/repository/com/fasterxml/jackson/core/jackson-annotations/2.10.2/jackson-annotations-2.10.2.jar:/Users/nicobeard/.m2/repository/org/apache/commons/commons-compress/1.19/commons-compress-1.19.jar:/Users/nicobeard/.m2/repository/commons-io/commons-io/2.6/commons-io-2.6.jar:/Users/nicobeard/.m2/repository/org/apache/commons/commons-text/1.8/commons-text-1.8.jar:/Users/nicobeard/.m2/repository/org/eclipse/jgit/org.eclipse.jgit/5.6.0.201912101111-r/org.eclipse.jgit-5.6.0.201912101111-r.jar:/Users/nicobeard/.m2/repository/com/jcraft/jsch/0.1.55/jsch-0.1.55.jar:/Users/nicobeard/.m2/repository/com/jcraft/jzlib/1.1.1/jzlib-1.1.1.jar:/Users/nicobeard/.m2/repository/com/googlecode/javaewah/JavaEWAH/1.1.6/JavaEWAH-1.1.6.jar:/Users/nicobeard/.m2/repository/org/bouncycastle/bcpg-jdk15on/1.64/bcpg-jdk15on-1.64.jar:/Users/nicobeard/.m2/repository/org/bouncycastle/bcprov-jdk15on/1.64/bcprov-jdk15on-1.64.jar:/Users/nicobeard/.m2/repository/org/bouncycastle/bcpkix-jdk15on/1.64/bcpkix-jdk15on-1.64.jar:/Users/nicobeard/.m2/repository/com/heroku/api/heroku-api/0.43/heroku-api-0.43.jar:/Users/nicobeard/.m2/repository/com/heroku/api/heroku-json-jackson/0.43/heroku-json-jackson-0.43.jar:/Users/nicobeard/.m2/repository/com/heroku/api/heroku-http-apache/0.43/heroku-http-apache-0.43.jar:/Users/nicobeard/.m2/repository/org/apache/maven/maven-plugin-api/3.5.0/maven-plugin-api-3.5.0.jar:/Users/nicobeard/.m2/repository/org/apache/maven/maven-model/3.5.0/maven-model-3.5.0.jar:/Users/nicobeard/.m2/repository/org/eclipse/sisu/org.eclipse.sisu.plexus/0.3.3/org.eclipse.sisu.plexus-0.3.3.jar:/Users/nicobeard/.m2/repository/javax/enterprise/cdi-api/1.0/cdi-api-1.0.jar:/Users/nicobeard/.m2/repository/javax/annotation/jsr250-api/1.0/jsr250-api-1.0.jar:/Users/nicobeard/.m2/repository/org/eclipse/sisu/org.eclipse.sisu.inject/0.3.3/org.eclipse.sisu.inject-0.3.3.jar:/Users/nicobeard/.m2/repository/org/apache/maven/maven-core/3.5.0/maven-core-3.5.0.jar:/Users/nicobeard/.m2/repository/org/apache/maven/maven-settings/3.5.0/maven-settings-3.5.0.jar:/Users/nicobeard/.m2/repository/org/apache/maven/maven-settings-builder/3.5.0/maven-settings-builder-3.5.0.jar:/Users/nicobeard/.m2/repository/org/apache/maven/maven-builder-support/3.5.0/maven-builder-support-3.5.0.jar:/Users/nicobeard/.m2/repository/org/apache/maven/maven-repository-metadata/3.5.0/maven-repository-metadata-3.5.0.jar:/Users/nicobeard/.m2/repository/org/apache/maven/maven-model-builder/3.5.0/maven-model-builder-3.5.0.jar:/Users/nicobeard/.m2/repository/org/apache/maven/maven-resolver-provider/3.5.0/maven-resolver-provider-3.5.0.jar:/Users/nicobeard/.m2/repository/org/apache/maven/resolver/maven-resolver-impl/1.0.3/maven-resolver-impl-1.0.3.jar:/Users/nicobeard/.m2/repository/org/apache/maven/resolver/maven-resolver-api/1.0.3/maven-resolver-api-1.0.3.jar:/Users/nicobeard/.m2/repository/org/apache/maven/resolver/maven-resolver-spi/1.0.3/maven-resolver-spi-1.0.3.jar:/Users/nicobeard/.m2/repository/org/apache/maven/resolver/maven-resolver-util/1.0.3/maven-resolver-util-1.0.3.jar:/Users/nicobeard/.m2/repository/org/apache/maven/shared/maven-shared-utils/3.1.0/maven-shared-utils-3.1.0.jar:/Users/nicobeard/.m2/repository/com/google/inject/guice/4.0/guice-4.0-no_aop.jar:/Users/nicobeard/.m2/repository/javax/inject/javax.inject/1/javax.inject-1.jar:/Users/nicobeard/.m2/repository/aopalliance/aopalliance/1.0/aopalliance-1.0.jar:/Users/nicobeard/.m2/repository/org/codehaus/plexus/plexus-interpolation/1.24/plexus-interpolation-1.24.jar:/Users/nicobeard/.m2/repository/org/codehaus/plexus/plexus-utils/3.0.24/plexus-utils-3.0.24.jar:/Users/nicobeard/.m2/repository/org/codehaus/plexus/plexus-classworlds/2.5.2/plexus-classworlds-2.5.2.jar:/Users/nicobeard/.m2/repository/org/codehaus/plexus/plexus-component-annotations/1.7.1/plexus-component-annotations-1.7.1.jar:/Users/nicobeard/.m2/repository/org/sonatype/plexus/plexus-sec-dispatcher/1.4/plexus-sec-dispatcher-1.4.jar:/Users/nicobeard/.m2/repository/org/sonatype/plexus/plexus-cipher/1.4/plexus-cipher-1.4.jar:/Users/nicobeard/.m2/repository/org/apache/commons/commons-lang3/3.5/commons-lang3-3.5.jar:/Users/nicobeard/.m2/repository/org/apache/maven/maven-artifact/3.5.0/maven-artifact-3.5.0.jar:/Users/nicobeard/.m2/repository/org/apache/maven/plugins/maven-dependency-plugin/3.1.1/maven-dependency-plugin-3.1.1.jar:/Users/nicobeard/.m2/repository/org/apache/maven/reporting/maven-reporting-api/3.0/maven-reporting-api-3.0.jar:/Users/nicobeard/.m2/repository/org/apache/maven/reporting/maven-reporting-impl/2.3/maven-reporting-impl-2.3.jar:/Users/nicobeard/.m2/repository/org/apache/maven/doxia/doxia-core/1.2/doxia-core-1.2.jar:/Users/nicobeard/.m2/repository/xerces/xercesImpl/2.9.1/xercesImpl-2.9.1.jar:/Users/nicobeard/.m2/repository/xml-apis/xml-apis/1.3.04/xml-apis-1.3.04.jar:/Users/nicobeard/.m2/repository/commons-validator/commons-validator/1.3.1/commons-validator-1.3.1.jar:/Users/nicobeard/.m2/repository/commons-beanutils/commons-beanutils/1.7.0/commons-beanutils-1.7.0.jar:/Users/nicobeard/.m2/repository/commons-digester/commons-digester/1.6/commons-digester-1.6.jar:/Users/nicobeard/.m2/repository/org/apache/maven/doxia/doxia-sink-api/1.4/doxia-sink-api-1.4.jar:/Users/nicobeard/.m2/repository/org/apache/maven/doxia/doxia-logging-api/1.4/doxia-logging-api-1.4.jar:/Users/nicobeard/.m2/repository/org/apache/maven/doxia/doxia-site-renderer/1.4/doxia-site-renderer-1.4.jar:/Users/nicobeard/.m2/repository/org/apache/maven/doxia/doxia-decoration-model/1.4/doxia-decoration-model-1.4.jar:/Users/nicobeard/.m2/repository/org/apache/maven/doxia/doxia-module-xhtml/1.4/doxia-module-xhtml-1.4.jar:/Users/nicobeard/.m2/repository/org/apache/maven/doxia/doxia-module-fml/1.4/doxia-module-fml-1.4.jar:/Users/nicobeard/.m2/repository/org/codehaus/plexus/plexus-i18n/1.0-beta-7/plexus-i18n-1.0-beta-7.jar:/Users/nicobeard/.m2/repository/org/codehaus/plexus/plexus-container-default/1.0-alpha-30/plexus-container-default-1.0-alpha-30.jar:/Users/nicobeard/.m2/repository/org/codehaus/plexus/plexus-velocity/1.1.7/plexus-velocity-1.1.7.jar:/Users/nicobeard/.m2/repository/org/apache/velocity/velocity/1.5/velocity-1.5.jar:/Users/nicobeard/.m2/repository/oro/oro/2.0.8/oro-2.0.8.jar:/Users/nicobeard/.m2/repository/org/apache/velocity/velocity-tools/2.0/velocity-tools-2.0.jar:/Users/nicobeard/.m2/repository/commons-chain/commons-chain/1.1/commons-chain-1.1.jar:/Users/nicobeard/.m2/repository/dom4j/dom4j/1.1/dom4j-1.1.jar:/Users/nicobeard/.m2/repository/sslext/sslext/1.2-0/sslext-1.2-0.jar:/Users/nicobeard/.m2/repository/org/apache/struts/struts-core/1.3.8/struts-core-1.3.8.jar:/Users/nicobeard/.m2/repository/antlr/antlr/2.7.2/antlr-2.7.2.jar:/Users/nicobeard/.m2/repository/org/apache/struts/struts-taglib/1.3.8/struts-taglib-1.3.8.jar:/Users/nicobeard/.m2/repository/org/apache/struts/struts-tiles/1.3.8/struts-tiles-1.3.8.jar:/Users/nicobeard/.m2/repository/org/codehaus/plexus/plexus-archiver/3.6.0/plexus-archiver-3.6.0.jar:/Users/nicobeard/.m2/repository/org/iq80/snappy/snappy/0.4/snappy-0.4.jar:/Users/nicobeard/.m2/repository/org/tukaani/xz/1.8/xz-1.8.jar:/Users/nicobeard/.m2/repository/org/apache/maven/shared/file-management/3.0.0/file-management-3.0.0.jar:/Users/nicobeard/.m2/repository/org/apache/maven/shared/maven-shared-io/3.0.0/maven-shared-io-3.0.0.jar:/Users/nicobeard/.m2/repository/org/apache/maven/maven-compat/3.0/maven-compat-3.0.jar:/Users/nicobeard/.m2/repository/org/apache/maven/wagon/wagon-provider-api/2.10/wagon-provider-api-2.10.jar:/Users/nicobeard/.m2/repository/org/codehaus/plexus/plexus-io/3.0.0/plexus-io-3.0.0.jar:/Users/nicobeard/.m2/repository/org/apache/maven/shared/maven-dependency-analyzer/1.10/maven-dependency-analyzer-1.10.jar:/Users/nicobeard/.m2/repository/org/apache/maven/shared/maven-dependency-tree/3.0.1/maven-dependency-tree-3.0.1.jar:/Users/nicobeard/.m2/repository/org/eclipse/aether/aether-util/0.9.0.M2/aether-util-0.9.0.M2.jar:/Users/nicobeard/.m2/repository/org/apache/maven/shared/maven-common-artifact-filters/3.0.1/maven-common-artifact-filters-3.0.1.jar:/Users/nicobeard/.m2/repository/org/sonatype/sisu/sisu-inject-plexus/1.4.2/sisu-inject-plexus-1.4.2.jar:/Users/nicobeard/.m2/repository/org/sonatype/sisu/sisu-inject-bean/1.4.2/sisu-inject-bean-1.4.2.jar:/Users/nicobeard/.m2/repository/org/sonatype/sisu/sisu-guice/2.1.7/sisu-guice-2.1.7-noaop.jar:/Users/nicobeard/.m2/repository/org/apache/maven/shared/maven-artifact-transfer/0.9.1/maven-artifact-transfer-0.9.1.jar:/Users/nicobeard/.m2/repository/commons-lang/commons-lang/2.6/commons-lang-2.6.jar:/Users/nicobeard/.m2/repository/commons-collections/commons-collections/3.2.2/commons-collections-3.2.2.jar:/Users/nicobeard/.m2/repository/classworlds/classworlds/1.1/classworlds-1.1.jar:/Users/nicobeard/.m2/repository/org/twdata/maven/mojo-executor/2.3.1/mojo-executor-2.3.1.jar:/Users/nicobeard/.m2/repository/org/ow2/asm/asm-util/7.1/asm-util-7.1.jar:/Users/nicobeard/.m2/repository/org/ow2/asm/asm/7.1/asm-7.1.jar:/Users/nicobeard/.m2/repository/org/ow2/asm/asm-tree/7.1/asm-tree-7.1.jar:/Users/nicobeard/.m2/repository/org/ow2/asm/asm-analysis/7.1/asm-analysis-7.1.jar:"/>
    <property name="java.vm.vendor" value="Oracle Corporation"/>
    <property name="sun.arch.data.model" value="64"/>
    <property name="java.vendor.url" value="http://java.oracle.com/"/>
    <property name="user.timezone" value=""/>
    <property name="java.vm.specification.version" value="1.8"/>
    <property name="os.name" value="Mac OS X"/>
    <property name="user.country" value="US"/>
    <property name="sun.java.launcher" value="SUN_STANDARD"/>
    <property name="sun.boot.library.path" value="/Library/Java/JavaVirtualMachines/jdk1.8.0_261.jdk/Contents/Home/jre/lib"/>
    <property name="sun.java.command" value="/Users/nicobeard/Documents/falling-knives-capstone/target/surefire/surefirebooter7097889734467215913.jar /Users/nicobeard/Documents/falling-knives-capstone/target/surefire 2020-09-14T20-21-34_378-jvmRun1 surefire7624499298848728584tmp surefire_01095515720007969313tmp"/>
    <property name="http.nonProxyHosts" value="local|*.local|169.254/16|*.169.254/16"/>
    <property name="surefire.test.class.path" value="/Users/nicobeard/Documents/falling-knives-capstone/target/test-classes:/Users/nicobeard/Documents/falling-knives-capstone/target/classes:/Users/nicobeard/.m2/repository/org/apache/tomcat/embed/tomcat-embed-core/8.5.23/tomcat-embed-core-8.5.23.jar:/Users/nicobeard/.m2/repository/org/apache/tomcat/tomcat-annotations-api/8.5.23/tomcat-annotations-api-8.5.23.jar:/Users/nicobeard/.m2/repository/org/apache/tomcat/embed/tomcat-embed-jasper/8.5.23/tomcat-embed-jasper-8.5.23.jar:/Users/nicobeard/.m2/repository/org/apache/tomcat/embed/tomcat-embed-el/8.5.23/tomcat-embed-el-8.5.23.jar:/Users/nicobeard/.m2/repository/org/eclipse/jdt/ecj/3.12.3/ecj-3.12.3.jar:/Users/nicobeard/.m2/repository/org/apache/tomcat/tomcat-jasper/8.5.28/tomcat-jasper-8.5.28.jar:/Users/nicobeard/.m2/repository/org/apache/tomcat/tomcat-servlet-api/8.5.28/tomcat-servlet-api-8.5.28.jar:/Users/nicobeard/.m2/repository/org/apache/tomcat/tomcat-juli/8.5.28/tomcat-juli-8.5.28.jar:/Users/nicobeard/.m2/repository/org/apache/tomcat/tomcat-el-api/8.5.28/tomcat-el-api-8.5.28.jar:/Users/nicobeard/.m2/repository/org/apache/tomcat/tomcat-api/8.5.28/tomcat-api-8.5.28.jar:/Users/nicobeard/.m2/repository/org/apache/tomcat/tomcat-util-scan/8.5.28/tomcat-util-scan-8.5.28.jar:/Users/nicobeard/.m2/repository/org/apache/tomcat/tomcat-util/8.5.28/tomcat-util-8.5.28.jar:/Users/nicobeard/.m2/repository/org/apache/tomcat/tomcat-jasper-el/8.5.23/tomcat-jasper-el-8.5.23.jar:/Users/nicobeard/.m2/repository/org/apache/tomcat/tomcat-jsp-api/8.5.23/tomcat-jsp-api-8.5.23.jar:/Users/nicobeard/.m2/repository/com/google/api-client/google-api-client/1.30.9/google-api-client-1.30.9.jar:/Users/nicobeard/.m2/repository/com/google/oauth-client/google-oauth-client/1.30.5/google-oauth-client-1.30.5.jar:/Users/nicobeard/.m2/repository/com/google/http-client/google-http-client-jackson2/1.34.2/google-http-client-jackson2-1.34.2.jar:/Users/nicobeard/.m2/repository/com/fasterxml/jackson/core/jackson-core/2.10.2/jackson-core-2.10.2.jar:/Users/nicobeard/.m2/repository/com/google/guava/guava/28.2-android/guava-28.2-android.jar:/Users/nicobeard/.m2/repository/com/google/guava/failureaccess/1.0.1/failureaccess-1.0.1.jar:/Users/nicobeard/.m2/repository/com/google/guava/listenablefuture/9999.0-empty-to-avoid-conflict-with-guava/listenablefuture-9999.0-empty-to-avoid-conflict-with-guava.jar:/Users/nicobeard/.m2/repository/org/checkerframework/checker-compat-qual/2.5.5/checker-compat-qual-2.5.5.jar:/Users/nicobeard/.m2/repository/com/google/errorprone/error_prone_annotations/2.3.4/error_prone_annotations-2.3.4.jar:/Users/nicobeard/.m2/repository/com/google/j2objc/j2objc-annotations/1.3/j2objc-annotations-1.3.jar:/Users/nicobeard/.m2/repository/com/google/cloud/google-cloud-core/1.93.3/google-cloud-core-1.93.3.jar:/Users/nicobeard/.m2/repository/com/google/api/gax/1.54.0/gax-1.54.0.jar:/Users/nicobeard/.m2/repository/com/google/auto/value/auto-value-annotations/1.7/auto-value-annotations-1.7.jar:/Users/nicobeard/.m2/repository/com/google/protobuf/protobuf-java-util/3.11.4/protobuf-java-util-3.11.4.jar:/Users/nicobeard/.m2/repository/com/google/api/grpc/proto-google-common-protos/1.17.0/proto-google-common-protos-1.17.0.jar:/Users/nicobeard/.m2/repository/com/google/api/grpc/proto-google-iam-v1/0.13.0/proto-google-iam-v1-0.13.0.jar:/Users/nicobeard/.m2/repository/org/threeten/threetenbp/1.4.1/threetenbp-1.4.1.jar:/Users/nicobeard/.m2/repository/com/google/api/api-common/1.8.1/api-common-1.8.1.jar:/Users/nicobeard/.m2/repository/javax/annotation/javax.annotation-api/1.3.2/javax.annotation-api-1.3.2.jar:/Users/nicobeard/.m2/repository/com/google/auth/google-auth-library-credentials/0.20.0/google-auth-library-credentials-0.20.0.jar:/Users/nicobeard/.m2/repository/com/google/auth/google-auth-library-oauth2-http/0.20.0/google-auth-library-oauth2-http-0.20.0.jar:/Users/nicobeard/.m2/repository/com/google/http-client/google-http-client/1.34.2/google-http-client-1.34.2.jar:/Users/nicobeard/.m2/repository/org/apache/httpcomponents/httpclient/4.5.11/httpclient-4.5.11.jar:/Users/nicobeard/.m2/repository/commons-logging/commons-logging/1.2/commons-logging-1.2.jar:/Users/nicobeard/.m2/repository/commons-codec/commons-codec/1.11/commons-codec-1.11.jar:/Users/nicobeard/.m2/repository/org/apache/httpcomponents/httpcore/4.4.13/httpcore-4.4.13.jar:/Users/nicobeard/.m2/repository/io/opencensus/opencensus-contrib-http-util/0.24.0/opencensus-contrib-http-util-0.24.0.jar:/Users/nicobeard/.m2/repository/com/google/protobuf/protobuf-java/3.11.4/protobuf-java-3.11.4.jar:/Users/nicobeard/.m2/repository/com/google/code/findbugs/jsr305/3.0.2/jsr305-3.0.2.jar:/Users/nicobeard/.m2/repository/com/google/cloud/google-cloud-storage/1.106.0/google-cloud-storage-1.106.0.jar:/Users/nicobeard/.m2/repository/com/google/apis/google-api-services-storage/v1-rev20200226-1.30.9/google-api-services-storage-v1-rev20200226-1.30.9.jar:/Users/nicobeard/.m2/repository/com/google/cloud/google-cloud-core-http/1.93.3/google-cloud-core-http-1.93.3.jar:/Users/nicobeard/.m2/repository/com/google/http-client/google-http-client-appengine/1.34.2/google-http-client-appengine-1.34.2.jar:/Users/nicobeard/.m2/repository/com/google/api/gax-httpjson/0.71.0/gax-httpjson-0.71.0.jar:/Users/nicobeard/.m2/repository/io/opencensus/opencensus-api/0.24.0/opencensus-api-0.24.0.jar:/Users/nicobeard/.m2/repository/io/grpc/grpc-context/1.22.1/grpc-context-1.22.1.jar:/Users/nicobeard/.m2/repository/junit/junit/4.11/junit-4.11.jar:/Users/nicobeard/.m2/repository/org/hamcrest/hamcrest-core/1.3/hamcrest-core-1.3.jar:/Users/nicobeard/.m2/repository/org/postgresql/postgresql/42.2.12/postgresql-42.2.12.jar:/Users/nicobeard/.m2/repository/com/google/cloud/sql/jdbc-socket-factory-core/1.0.15/jdbc-socket-factory-core-1.0.15.jar:/Users/nicobeard/.m2/repository/com/google/apis/google-api-services-sqladmin/v1beta4-rev20190607-1.30.1/google-api-services-sqladmin-v1beta4-rev20190607-1.30.1.jar:/Users/nicobeard/.m2/repository/com/github/jnr/jnr-unixsocket/0.28/jnr-unixsocket-0.28.jar:/Users/nicobeard/.m2/repository/com/github/jnr/jnr-ffi/2.1.12/jnr-ffi-2.1.12.jar:/Users/nicobeard/.m2/repository/com/github/jnr/jffi/1.2.23/jffi-1.2.23.jar:/Users/nicobeard/.m2/repository/com/github/jnr/jffi/1.2.23/jffi-1.2.23-native.jar:/Users/nicobeard/.m2/repository/org/ow2/asm/asm-commons/7.1/asm-commons-7.1.jar:/Users/nicobeard/.m2/repository/com/github/jnr/jnr-a64asm/1.0.0/jnr-a64asm-1.0.0.jar:/Users/nicobeard/.m2/repository/com/github/jnr/jnr-x86asm/1.0.2/jnr-x86asm-1.0.2.jar:/Users/nicobeard/.m2/repository/com/github/jnr/jnr-constants/0.9.15/jnr-constants-0.9.15.jar:/Users/nicobeard/.m2/repository/com/github/jnr/jnr-enxio/0.25/jnr-enxio-0.25.jar:/Users/nicobeard/.m2/repository/com/github/jnr/jnr-posix/3.0.54/jnr-posix-3.0.54.jar:/Users/nicobeard/.m2/repository/com/google/http-client/google-http-client-jackson/1.15.0-rc/google-http-client-jackson-1.15.0-rc.jar:/Users/nicobeard/.m2/repository/org/codehaus/jackson/jackson-core-asl/1.9.11/jackson-core-asl-1.9.11.jar:/Users/nicobeard/.m2/repository/com/google/oauth-client/google-oauth-client-java6/1.15.0-rc/google-oauth-client-java6-1.15.0-rc.jar:/Users/nicobeard/.m2/repository/com/google/cloud/sql/postgres-socket-factory/1.0.15/postgres-socket-factory-1.0.15.jar:/Users/nicobeard/.m2/repository/com/sparkjava/spark-core/2.5.4/spark-core-2.5.4.jar:/Users/nicobeard/.m2/repository/org/slf4j/slf4j-api/1.7.13/slf4j-api-1.7.13.jar:/Users/nicobeard/.m2/repository/org/eclipse/jetty/jetty-server/9.3.6.v20151106/jetty-server-9.3.6.v20151106.jar:/Users/nicobeard/.m2/repository/javax/servlet/javax.servlet-api/3.1.0/javax.servlet-api-3.1.0.jar:/Users/nicobeard/.m2/repository/org/eclipse/jetty/jetty-http/9.3.6.v20151106/jetty-http-9.3.6.v20151106.jar:/Users/nicobeard/.m2/repository/org/eclipse/jetty/jetty-util/9.3.6.v20151106/jetty-util-9.3.6.v20151106.jar:/Users/nicobeard/.m2/repository/org/eclipse/jetty/jetty-io/9.3.6.v20151106/jetty-io-9.3.6.v20151106.jar:/Users/nicobeard/.m2/repository/org/eclipse/jetty/jetty-webapp/9.3.6.v20151106/jetty-webapp-9.3.6.v20151106.jar:/Users/nicobeard/.m2/repository/org/eclipse/jetty/jetty-xml/9.3.6.v20151106/jetty-xml-9.3.6.v20151106.jar:/Users/nicobeard/.m2/repository/org/eclipse/jetty/jetty-servlet/9.3.6.v20151106/jetty-servlet-9.3.6.v20151106.jar:/Users/nicobeard/.m2/repository/org/eclipse/jetty/jetty-security/9.3.6.v20151106/jetty-security-9.3.6.v20151106.jar:/Users/nicobeard/.m2/repository/org/eclipse/jetty/websocket/websocket-server/9.3.6.v20151106/websocket-server-9.3.6.v20151106.jar:/Users/nicobeard/.m2/repository/org/eclipse/jetty/websocket/websocket-common/9.3.6.v20151106/websocket-common-9.3.6.v20151106.jar:/Users/nicobeard/.m2/repository/org/eclipse/jetty/websocket/websocket-client/9.3.6.v20151106/websocket-client-9.3.6.v20151106.jar:/Users/nicobeard/.m2/repository/org/eclipse/jetty/websocket/websocket-servlet/9.3.6.v20151106/websocket-servlet-9.3.6.v20151106.jar:/Users/nicobeard/.m2/repository/org/eclipse/jetty/websocket/websocket-api/9.3.6.v20151106/websocket-api-9.3.6.v20151106.jar:/Users/nicobeard/.m2/repository/com/google/code/gson/gson/2.8.0/gson-2.8.0.jar:/Users/nicobeard/.m2/repository/com/heroku/sdk/heroku-maven-plugin/3.0.4/heroku-maven-plugin-3.0.4.jar:/Users/nicobeard/.m2/repository/com/heroku/sdk/heroku-deploy/3.0.4/heroku-deploy-3.0.4.jar:/Users/nicobeard/.m2/repository/com/fasterxml/jackson/core/jackson-databind/2.10.2/jackson-databind-2.10.2.jar:/Users/nicobeard/.m2/repository/com/fasterxml/jackson/core/jackson-annotations/2.10.2/jackson-annotations-2.10.2.jar:/Users/nicobeard/.m2/repository/org/apache/commons/commons-compress/1.19/commons-compress-1.19.jar:/Users/nicobeard/.m2/repository/commons-io/commons-io/2.6/commons-io-2.6.jar:/Users/nicobeard/.m2/repository/org/apache/commons/commons-text/1.8/commons-text-1.8.jar:/Users/nicobeard/.m2/repository/org/eclipse/jgit/org.eclipse.jgit/5.6.0.201912101111-r/org.eclipse.jgit-5.6.0.201912101111-r.jar:/Users/nicobeard/.m2/repository/com/jcraft/jsch/0.1.55/jsch-0.1.55.jar:/Users/nicobeard/.m2/repository/com/jcraft/jzlib/1.1.1/jzlib-1.1.1.jar:/Users/nicobeard/.m2/repository/com/googlecode/javaewah/JavaEWAH/1.1.6/JavaEWAH-1.1.6.jar:/Users/nicobeard/.m2/repository/org/bouncycastle/bcpg-jdk15on/1.64/bcpg-jdk15on-1.64.jar:/Users/nicobeard/.m2/repository/org/bouncycastle/bcprov-jdk15on/1.64/bcprov-jdk15on-1.64.jar:/Users/nicobeard/.m2/repository/org/bouncycastle/bcpkix-jdk15on/1.64/bcpkix-jdk15on-1.64.jar:/Users/nicobeard/.m2/repository/com/heroku/api/heroku-api/0.43/heroku-api-0.43.jar:/Users/nicobeard/.m2/repository/com/heroku/api/heroku-json-jackson/0.43/heroku-json-jackson-0.43.jar:/Users/nicobeard/.m2/repository/com/heroku/api/heroku-http-apache/0.43/heroku-http-apache-0.43.jar:/Users/nicobeard/.m2/repository/org/apache/maven/maven-plugin-api/3.5.0/maven-plugin-api-3.5.0.jar:/Users/nicobeard/.m2/repository/org/apache/maven/maven-model/3.5.0/maven-model-3.5.0.jar:/Users/nicobeard/.m2/repository/org/eclipse/sisu/org.eclipse.sisu.plexus/0.3.3/org.eclipse.sisu.plexus-0.3.3.jar:/Users/nicobeard/.m2/repository/javax/enterprise/cdi-api/1.0/cdi-api-1.0.jar:/Users/nicobeard/.m2/repository/javax/annotation/jsr250-api/1.0/jsr250-api-1.0.jar:/Users/nicobeard/.m2/repository/org/eclipse/sisu/org.eclipse.sisu.inject/0.3.3/org.eclipse.sisu.inject-0.3.3.jar:/Users/nicobeard/.m2/repository/org/apache/maven/maven-core/3.5.0/maven-core-3.5.0.jar:/Users/nicobeard/.m2/repository/org/apache/maven/maven-settings/3.5.0/maven-settings-3.5.0.jar:/Users/nicobeard/.m2/repository/org/apache/maven/maven-settings-builder/3.5.0/maven-settings-builder-3.5.0.jar:/Users/nicobeard/.m2/repository/org/apache/maven/maven-builder-support/3.5.0/maven-builder-support-3.5.0.jar:/Users/nicobeard/.m2/repository/org/apache/maven/maven-repository-metadata/3.5.0/maven-repository-metadata-3.5.0.jar:/Users/nicobeard/.m2/repository/org/apache/maven/maven-model-builder/3.5.0/maven-model-builder-3.5.0.jar:/Users/nicobeard/.m2/repository/org/apache/maven/maven-resolver-provider/3.5.0/maven-resolver-provider-3.5.0.jar:/Users/nicobeard/.m2/repository/org/apache/maven/resolver/maven-resolver-impl/1.0.3/maven-resolver-impl-1.0.3.jar:/Users/nicobeard/.m2/repository/org/apache/maven/resolver/maven-resolver-api/1.0.3/maven-resolver-api-1.0.3.jar:/Users/nicobeard/.m2/repository/org/apache/maven/resolver/maven-resolver-spi/1.0.3/maven-resolver-spi-1.0.3.jar:/Users/nicobeard/.m2/repository/org/apache/maven/resolver/maven-resolver-util/1.0.3/maven-resolver-util-1.0.3.jar:/Users/nicobeard/.m2/repository/org/apache/maven/shared/maven-shared-utils/3.1.0/maven-shared-utils-3.1.0.jar:/Users/nicobeard/.m2/repository/com/google/inject/guice/4.0/guice-4.0-no_aop.jar:/Users/nicobeard/.m2/repository/javax/inject/javax.inject/1/javax.inject-1.jar:/Users/nicobeard/.m2/repository/aopalliance/aopalliance/1.0/aopalliance-1.0.jar:/Users/nicobeard/.m2/repository/org/codehaus/plexus/plexus-interpolation/1.24/plexus-interpolation-1.24.jar:/Users/nicobeard/.m2/repository/org/codehaus/plexus/plexus-utils/3.0.24/plexus-utils-3.0.24.jar:/Users/nicobeard/.m2/repository/org/codehaus/plexus/plexus-classworlds/2.5.2/plexus-classworlds-2.5.2.jar:/Users/nicobeard/.m2/repository/org/codehaus/plexus/plexus-component-annotations/1.7.1/plexus-component-annotations-1.7.1.jar:/Users/nicobeard/.m2/repository/org/sonatype/plexus/plexus-sec-dispatcher/1.4/plexus-sec-dispatcher-1.4.jar:/Users/nicobeard/.m2/repository/org/sonatype/plexus/plexus-cipher/1.4/plexus-cipher-1.4.jar:/Users/nicobeard/.m2/repository/org/apache/commons/commons-lang3/3.5/commons-lang3-3.5.jar:/Users/nicobeard/.m2/repository/org/apache/maven/maven-artifact/3.5.0/maven-artifact-3.5.0.jar:/Users/nicobeard/.m2/repository/org/apache/maven/plugins/maven-dependency-plugin/3.1.1/maven-dependency-plugin-3.1.1.jar:/Users/nicobeard/.m2/repository/org/apache/maven/reporting/maven-reporting-api/3.0/maven-reporting-api-3.0.jar:/Users/nicobeard/.m2/repository/org/apache/maven/reporting/maven-reporting-impl/2.3/maven-reporting-impl-2.3.jar:/Users/nicobeard/.m2/repository/org/apache/maven/doxia/doxia-core/1.2/doxia-core-1.2.jar:/Users/nicobeard/.m2/repository/xerces/xercesImpl/2.9.1/xercesImpl-2.9.1.jar:/Users/nicobeard/.m2/repository/xml-apis/xml-apis/1.3.04/xml-apis-1.3.04.jar:/Users/nicobeard/.m2/repository/commons-validator/commons-validator/1.3.1/commons-validator-1.3.1.jar:/Users/nicobeard/.m2/repository/commons-beanutils/commons-beanutils/1.7.0/commons-beanutils-1.7.0.jar:/Users/nicobeard/.m2/repository/commons-digester/commons-digester/1.6/commons-digester-1.6.jar:/Users/nicobeard/.m2/repository/org/apache/maven/doxia/doxia-sink-api/1.4/doxia-sink-api-1.4.jar:/Users/nicobeard/.m2/repository/org/apache/maven/doxia/doxia-logging-api/1.4/doxia-logging-api-1.4.jar:/Users/nicobeard/.m2/repository/org/apache/maven/doxia/doxia-site-renderer/1.4/doxia-site-renderer-1.4.jar:/Users/nicobeard/.m2/repository/org/apache/maven/doxia/doxia-decoration-model/1.4/doxia-decoration-model-1.4.jar:/Users/nicobeard/.m2/repository/org/apache/maven/doxia/doxia-module-xhtml/1.4/doxia-module-xhtml-1.4.jar:/Users/nicobeard/.m2/repository/org/apache/maven/doxia/doxia-module-fml/1.4/doxia-module-fml-1.4.jar:/Users/nicobeard/.m2/repository/org/codehaus/plexus/plexus-i18n/1.0-beta-7/plexus-i18n-1.0-beta-7.jar:/Users/nicobeard/.m2/repository/org/codehaus/plexus/plexus-container-default/1.0-alpha-30/plexus-container-default-1.0-alpha-30.jar:/Users/nicobeard/.m2/repository/org/codehaus/plexus/plexus-velocity/1.1.7/plexus-velocity-1.1.7.jar:/Users/nicobeard/.m2/repository/org/apache/velocity/velocity/1.5/velocity-1.5.jar:/Users/nicobeard/.m2/repository/oro/oro/2.0.8/oro-2.0.8.jar:/Users/nicobeard/.m2/repository/org/apache/velocity/velocity-tools/2.0/velocity-tools-2.0.jar:/Users/nicobeard/.m2/repository/commons-chain/commons-chain/1.1/commons-chain-1.1.jar:/Users/nicobeard/.m2/repository/dom4j/dom4j/1.1/dom4j-1.1.jar:/Users/nicobeard/.m2/repository/sslext/sslext/1.2-0/sslext-1.2-0.jar:/Users/nicobeard/.m2/repository/org/apache/struts/struts-core/1.3.8/struts-core-1.3.8.jar:/Users/nicobeard/.m2/repository/antlr/antlr/2.7.2/antlr-2.7.2.jar:/Users/nicobeard/.m2/repository/org/apache/struts/struts-taglib/1.3.8/struts-taglib-1.3.8.jar:/Users/nicobeard/.m2/repository/org/apache/struts/struts-tiles/1.3.8/struts-tiles-1.3.8.jar:/Users/nicobeard/.m2/repository/org/codehaus/plexus/plexus-archiver/3.6.0/plexus-archiver-3.6.0.jar:/Users/nicobeard/.m2/repository/org/iq80/snappy/snappy/0.4/snappy-0.4.jar:/Users/nicobeard/.m2/repository/org/tukaani/xz/1.8/xz-1.8.jar:/Users/nicobeard/.m2/repository/org/apache/maven/shared/file-management/3.0.0/file-management-3.0.0.jar:/Users/nicobeard/.m2/repository/org/apache/maven/shared/maven-shared-io/3.0.0/maven-shared-io-3.0.0.jar:/Users/nicobeard/.m2/repository/org/apache/maven/maven-compat/3.0/maven-compat-3.0.jar:/Users/nicobeard/.m2/repository/org/apache/maven/wagon/wagon-provider-api/2.10/wagon-provider-api-2.10.jar:/Users/nicobeard/.m2/repository/org/codehaus/plexus/plexus-io/3.0.0/plexus-io-3.0.0.jar:/Users/nicobeard/.m2/repository/org/apache/maven/shared/maven-dependency-analyzer/1.10/maven-dependency-analyzer-1.10.jar:/Users/nicobeard/.m2/repository/org/apache/maven/shared/maven-dependency-tree/3.0.1/maven-dependency-tree-3.0.1.jar:/Users/nicobeard/.m2/repository/org/eclipse/aether/aether-util/0.9.0.M2/aether-util-0.9.0.M2.jar:/Users/nicobeard/.m2/repository/org/apache/maven/shared/maven-common-artifact-filters/3.0.1/maven-common-artifact-filters-3.0.1.jar:/Users/nicobeard/.m2/repository/org/sonatype/sisu/sisu-inject-plexus/1.4.2/sisu-inject-plexus-1.4.2.jar:/Users/nicobeard/.m2/repository/org/sonatype/sisu/sisu-inject-bean/1.4.2/sisu-inject-bean-1.4.2.jar:/Users/nicobeard/.m2/repository/org/sonatype/sisu/sisu-guice/2.1.7/sisu-guice-2.1.7-noaop.jar:/Users/nicobeard/.m2/repository/org/apache/maven/shared/maven-artifact-transfer/0.9.1/maven-artifact-transfer-0.9.1.jar:/Users/nicobeard/.m2/repository/commons-lang/commons-lang/2.6/commons-lang-2.6.jar:/Users/nicobeard/.m2/repository/commons-collections/commons-collections/3.2.2/commons-collections-3.2.2.jar:/Users/nicobeard/.m2/repository/classworlds/classworlds/1.1/classworlds-1.1.jar:/Users/nicobeard/.m2/repository/org/twdata/maven/mojo-executor/2.3.1/mojo-executor-2.3.1.jar:/Users/nicobeard/.m2/repository/org/ow2/asm/asm-util/7.1/asm-util-7.1.jar:/Users/nicobeard/.m2/repository/org/ow2/asm/asm/7.1/asm-7.1.jar:/Users/nicobeard/.m2/repository/org/ow2/asm/asm-tree/7.1/asm-tree-7.1.jar:/Users/nicobeard/.m2/repository/org/ow2/asm/asm-analysis/7.1/asm-analysis-7.1.jar:"/>
    <property name="sun.cpu.endian" value="little"/>
    <property name="user.home" value="/Users/nicobeard"/>
    <property name="user.language" value="en"/>
    <property name="java.specification.vendor" value="Oracle Corporation"/>
    <property name="java.home" value="/Library/Java/JavaVirtualMachines/jdk1.8.0_261.jdk/Contents/Home/jre"/>
    <property name="basedir" value="/Users/nicobeard/Documents/falling-knives-capstone"/>
    <property name="file.separator" value="/"/>
    <property name="line.separator" value="&#10;"/>
    <property name="java.vm.specification.vendor" value="Oracle Corporation"/>
    <property name="java.specification.name" value="Java Platform API Specification"/>
    <property name="java.awt.graphicsenv" value="sun.awt.CGraphicsEnvironment"/>
    <property name="surefire.real.class.path" value="/Users/nicobeard/Documents/falling-knives-capstone/target/surefire/surefirebooter7097889734467215913.jar"/>
    <property name="sun.boot.class.path" value="/Library/Java/JavaVirtualMachines/jdk1.8.0_261.jdk/Contents/Home/jre/lib/resources.jar:/Library/Java/JavaVirtualMachines/jdk1.8.0_261.jdk/Contents/Home/jre/lib/rt.jar:/Library/Java/JavaVirtualMachines/jdk1.8.0_261.jdk/Contents/Home/jre/lib/sunrsasign.jar:/Library/Java/JavaVirtualMachines/jdk1.8.0_261.jdk/Contents/Home/jre/lib/jsse.jar:/Library/Java/JavaVirtualMachines/jdk1.8.0_261.jdk/Contents/Home/jre/lib/jce.jar:/Library/Java/JavaVirtualMachines/jdk1.8.0_261.jdk/Contents/Home/jre/lib/charsets.jar:/Library/Java/JavaVirtualMachines/jdk1.8.0_261.jdk/Contents/Home/jre/lib/jfr.jar:/Library/Java/JavaVirtualMachines/jdk1.8.0_261.jdk/Contents/Home/jre/classes"/>
    <property name="sun.management.compiler" value="HotSpot 64-Bit Tiered Compilers"/>
    <property name="ftp.nonProxyHosts" value="local|*.local|169.254/16|*.169.254/16"/>
    <property name="java.runtime.version" value="1.8.0_261-b12"/>
    <property name="user.name" value="nicobeard"/>
    <property name="path.separator" value=":"/>
    <property name="os.version" value="10.15.6"/>
    <property name="java.endorsed.dirs" value="/Library/Java/JavaVirtualMachines/jdk1.8.0_261.jdk/Contents/Home/jre/lib/endorsed"/>
    <property name="java.runtime.name" value="Java(TM) SE Runtime Environment"/>
    <property name="file.encoding" value="UTF-8"/>
    <property name="java.vm.name" value="Java HotSpot(TM) 64-Bit Server VM"/>
    <property name="localRepository" value="/Users/nicobeard/.m2/repository"/>
    <property name="java.vendor.url.bug" value="http://bugreport.sun.com/bugreport/"/>
    <property name="java.io.tmpdir" value="/var/folders/5k/4fkjmbj505qgkzg86lftk4t00000gn/T/"/>
    <property name="java.version" value="1.8.0_261"/>
    <property name="user.dir" value="/Users/nicobeard/Documents/falling-knives-capstone"/>
    <property name="os.arch" value="x86_64"/>
    <property name="java.vm.specification.name" value="Java Virtual Machine Specification"/>
    <property name="java.awt.printerjob" value="sun.lwawt.macosx.CPrinterJob"/>
    <property name="sun.os.patch.level" value="unknown"/>
    <property name="java.library.path" value="/Users/nicobeard/Library/Java/Extensions:/Library/Java/Extensions:/Network/Library/Java/Extensions:/System/Library/Java/Extensions:/usr/lib/java:."/>
    <property name="java.vm.info" value="mixed mode"/>
    <property name="java.vendor" value="Oracle Corporation"/>
    <property name="java.vm.version" value="25.261-b12"/>
    <property name="java.ext.dirs" value="/Users/nicobeard/Library/Java/Extensions:/Library/Java/JavaVirtualMachines/jdk1.8.0_261.jdk/Contents/Home/jre/lib/ext:/Library/Java/Extensions:/Network/Library/Java/Extensions:/System/Library/Java/Extensions:/usr/lib/java"/>
    <property name="sun.io.unicode.encoding" value="UnicodeBig"/>
    <property name="java.class.version" value="52.0"/>
    <property name="socksNonProxyHosts" value="local|*.local|169.254/16|*.169.254/16"/>
  </properties>
  <testcase name="shouldAnswerWithTrue" classname="FallingKnives.AppTest" time="0.001"/>
</testsuite>